[01m[K/home/russell/ROS2_REPAS/src/ur5e_moveit_demo/src/russell_script1.cpp:[m[K In function â€˜[01m[Kint[01;32m[K main[m[K(int, char**)[m[Kâ€™:
[01m[K/home/russell/ROS2_REPAS/src/ur5e_moveit_demo/src/russell_script1.cpp:19:3:[m[K [01;31m[Kerror: [m[Kâ€˜[01m[Ktarget_pose_orientation[m[Kâ€™ was not declared in this scope
   19 |   [01;31m[Ktarget_pose_orientation[m[K.x = 0.0;
      |   [01;31m[K^~~~~~~~~~~~~~~~~~~~~~~[m[K
[01m[K/home/russell/ROS2_REPAS/src/ur5e_moveit_demo/src/russell_script1.cpp:21:3:[m[K [01;31m[Kerror: [m[Kâ€˜[01m[Ktargert_pose_orientation[m[Kâ€™ was not declared in this scope
   21 |   [01;31m[Ktargert_pose_orientation[m[K.z = 0.0;
      |   [01;31m[K^~~~~~~~~~~~~~~~~~~~~~~~[m[K
gmake[2]: *** [CMakeFiles/russell_script1.dir/build.make:76: CMakeFiles/russell_script1.dir/src/russell_script1.cpp.o] Error 1
gmake[1]: *** [CMakeFiles/Makefile2:193: CMakeFiles/russell_script1.dir/all] Error 2
gmake: *** [Makefile:146: all] Error 2
