[0.009s] Invoking command in '/home/russell/ROS2_REPAS/build/ur5e_moveit_demo': CMAKE_PREFIX_PATH=/home/russell/ROS2_REPAS/install/ur_simulation_gz:/home/russell/ROS2_REPAS/install/ur_description:/home/russell/ROS2_REPAS/install/ur5e_moveit_demo:/opt/ros/jazzy/opt/gz_sim_vendor:/opt/ros/jazzy/opt/gz_sensors_vendor:/opt/ros/jazzy/opt/gz_physics_vendor:/opt/ros/jazzy/opt/sdformat_vendor:/opt/ros/jazzy/opt/gz_gui_vendor:/opt/ros/jazzy/opt/gz_transport_vendor:/opt/ros/jazzy/opt/gz_rendering_vendor:/opt/ros/jazzy/opt/gz_plugin_vendor:/opt/ros/jazzy/opt/gz_fuel_tools_vendor:/opt/ros/jazzy/opt/gz_msgs_vendor:/opt/ros/jazzy/opt/gz_common_vendor:/opt/ros/jazzy/opt/gz_math_vendor:/opt/ros/jazzy/opt/gz_utils_vendor:/opt/ros/jazzy/opt/gz_tools_vendor:/opt/ros/jazzy/opt/gz_ogre_next_vendor:/opt/ros/jazzy/opt/gz_dartsim_vendor:/opt/ros/jazzy/opt/gz_cmake_vendor:/opt/ros/jazzy DEBUGINFOD_URLS=https://debuginfod.ubuntu.com /usr/bin/cmake --build /home/russell/ROS2_REPAS/build/ur5e_moveit_demo -- -j24 -l24
[0.039s] -- Found ament_cmake: 2.5.3 (/opt/ros/jazzy/share/ament_cmake/cmake)
[0.219s] -- Found rclcpp: 28.1.8 (/opt/ros/jazzy/share/rclcpp/cmake)
[0.261s] -- Found rosidl_generator_c: 4.6.5 (/opt/ros/jazzy/share/rosidl_generator_c/cmake)
[0.268s] -- Found rosidl_generator_cpp: 4.6.5 (/opt/ros/jazzy/share/rosidl_generator_cpp/cmake)
[0.278s] -- Using all available rosidl_typesupport_c: rosidl_typesupport_fastrtps_c;rosidl_typesupport_introspection_c
[0.289s] -- Using all available rosidl_typesupport_cpp: rosidl_typesupport_fastrtps_cpp;rosidl_typesupport_introspection_cpp
[0.343s] -- Found rmw_implementation_cmake: 7.3.1 (/opt/ros/jazzy/share/rmw_implementation_cmake/cmake)
[0.345s] -- Found rmw_fastrtps_cpp: 8.4.1 (/opt/ros/jazzy/share/rmw_fastrtps_cpp/cmake)
[0.407s] -- Using RMW implementation 'rmw_fastrtps_cpp' as default
[0.464s] -- Found geometry_msgs: 5.3.5 (/opt/ros/jazzy/share/geometry_msgs/cmake)
[0.491s] -- Found moveit_ros_planning_interface: 2.12.2 (/opt/ros/jazzy/share/moveit_ros_planning_interface/cmake)
[0.500s] -- Found Boost: /usr/lib/x86_64-linux-gnu/cmake/Boost-1.83.0/BoostConfig.cmake (found version "1.83.0") found components: date_time filesystem program_options system thread 
[0.712s] -- Found Boost: /usr/lib/x86_64-linux-gnu/cmake/Boost-1.83.0/BoostConfig.cmake (found version "1.83.0") found components: chrono date_time filesystem iostreams program_options regex serialization system thread 
[0.738s] -- Found parameter_traits: 0.4.0 (/opt/ros/jazzy/share/parameter_traits/cmake)
[0.742s] -- Found rclcpp_lifecycle: 28.1.6 (/opt/ros/jazzy/share/rclcpp_lifecycle/cmake)
[0.771s] -- Found Boost: /usr/lib/x86_64-linux-gnu/cmake/Boost-1.83.0/BoostConfig.cmake (found version "1.83.0") found components: filesystem 
[0.810s] -- Ensuring Eigen3 include directory is part of orocos-kdl CMake target
[0.929s] -- Found Boost: /usr/lib/x86_64-linux-gnu/cmake/Boost-1.83.0/BoostConfig.cmake (found version "1.83.0") found components: system filesystem date_time program_options thread chrono 
[0.974s] -- Found Boost: /usr/lib/x86_64-linux-gnu/cmake/Boost-1.83.0/BoostConfig.cmake (found version "1.83.0") found components: thread system filesystem regex date_time program_options 
[0.997s] -- Found Boost: /usr/lib/x86_64-linux-gnu/cmake/Boost-1.83.0/BoostConfig.cmake (found version "1.83.0") found components: system filesystem date_time program_options thread 
[1.031s] -- Found ur_robot_driver: 3.1.1 (/opt/ros/jazzy/share/ur_robot_driver/cmake)
[1.253s] -- Found ur_description: 3.1.0 (/home/russell/ROS2_REPAS/install/ur_description/share/ur_description/cmake)
[1.253s] -- Found ament_lint_auto: 0.17.1 (/opt/ros/jazzy/share/ament_lint_auto/cmake)
[1.328s] -- Added test 'cppcheck' to perform static code analysis on C / C++ code
[1.329s] -- Configured cppcheck include dirs: 
[1.329s] -- Configured cppcheck exclude dirs and/or files: 
[1.329s] -- Added test 'flake8' to check Python code syntax and style conventions
[1.329s] -- Configured 'flake8' exclude dirs and/or files: 
[1.329s] -- Added test 'lint_cmake' to check CMake code style
[1.330s] -- Added test 'pep257' to check Python code against some of the docstring style conventions in PEP 257
[1.330s] -- Added test 'uncrustify' to check C / C++ code style
[1.331s] -- Configured uncrustify additional arguments: 
[1.331s] -- Added test 'xmllint' to check XML markup files
[1.332s] -- Configuring done (1.3s)
[1.381s] -- Generating done (0.0s)
[1.394s] -- Build files have been written to: /home/russell/ROS2_REPAS/build/ur5e_moveit_demo
[1.446s] [ 16%] [32mBuilding CXX object CMakeFiles/russell_script1.dir/src/russell_script1.cpp.o[0m
[1.462s] [ 50%] Built target move_ur5e
[1.463s] [ 83%] Built target home
[4.918s] [01m[K/home/russell/ROS2_REPAS/src/ur5e_moveit_demo/src/russell_script1.cpp:[m[K In function â€˜[01m[Kint[01;32m[K main[m[K(int, char**)[m[Kâ€™:
[4.918s] [01m[K/home/russell/ROS2_REPAS/src/ur5e_moveit_demo/src/russell_script1.cpp:19:3:[m[K [01;31m[Kerror: [m[Kâ€˜[01m[Ktarget_pose_orientation[m[Kâ€™ was not declared in this scope
[4.918s]    19 |   [01;31m[Ktarget_pose_orientation[m[K.x = 0.0;
[4.918s]       |   [01;31m[K^~~~~~~~~~~~~~~~~~~~~~~[m[K
[4.925s] [01m[K/home/russell/ROS2_REPAS/src/ur5e_moveit_demo/src/russell_script1.cpp:21:3:[m[K [01;31m[Kerror: [m[Kâ€˜[01m[Ktargert_pose_orientation[m[Kâ€™ was not declared in this scope
[4.926s]    21 |   [01;31m[Ktargert_pose_orientation[m[K.z = 0.0;
[4.926s]       |   [01;31m[K^~~~~~~~~~~~~~~~~~~~~~~~[m[K
[6.438s] gmake[2]: *** [CMakeFiles/russell_script1.dir/build.make:76: CMakeFiles/russell_script1.dir/src/russell_script1.cpp.o] Error 1
[6.439s] gmake[1]: *** [CMakeFiles/Makefile2:193: CMakeFiles/russell_script1.dir/all] Error 2
[6.439s] gmake: *** [Makefile:146: all] Error 2
[6.443s] Invoked command in '/home/russell/ROS2_REPAS/build/ur5e_moveit_demo' returned '2': CMAKE_PREFIX_PATH=/home/russell/ROS2_REPAS/install/ur_simulation_gz:/home/russell/ROS2_REPAS/install/ur_description:/home/russell/ROS2_REPAS/install/ur5e_moveit_demo:/opt/ros/jazzy/opt/gz_sim_vendor:/opt/ros/jazzy/opt/gz_sensors_vendor:/opt/ros/jazzy/opt/gz_physics_vendor:/opt/ros/jazzy/opt/sdformat_vendor:/opt/ros/jazzy/opt/gz_gui_vendor:/opt/ros/jazzy/opt/gz_transport_vendor:/opt/ros/jazzy/opt/gz_rendering_vendor:/opt/ros/jazzy/opt/gz_plugin_vendor:/opt/ros/jazzy/opt/gz_fuel_tools_vendor:/opt/ros/jazzy/opt/gz_msgs_vendor:/opt/ros/jazzy/opt/gz_common_vendor:/opt/ros/jazzy/opt/gz_math_vendor:/opt/ros/jazzy/opt/gz_utils_vendor:/opt/ros/jazzy/opt/gz_tools_vendor:/opt/ros/jazzy/opt/gz_ogre_next_vendor:/opt/ros/jazzy/opt/gz_dartsim_vendor:/opt/ros/jazzy/opt/gz_cmake_vendor:/opt/ros/jazzy DEBUGINFOD_URLS=https://debuginfod.ubuntu.com /usr/bin/cmake --build /home/russell/ROS2_REPAS/build/ur5e_moveit_demo -- -j24 -l24
