[0.000000] (-) TimerEvent: {}
[0.000232] (-) JobUnselected: {'identifier': 'camera_sensor'}
[0.000306] (-) JobUnselected: {'identifier': 'librealsense2'}
[0.000325] (-) JobUnselected: {'identifier': 'robotiq_2f_gripper_description'}
[0.000337] (-) JobUnselected: {'identifier': 'robotiq_2f_gripper_hardware'}
[0.000348] (-) JobUnselected: {'identifier': 'robotiq_2f_gripper_interfaces'}
[0.000359] (-) JobUnselected: {'identifier': 'robotiq_2f_gripper_msgs'}
[0.000369] (-) JobUnselected: {'identifier': 'serial'}
[0.000382] (-) JobUnselected: {'identifier': 'ur_description'}
[0.000392] (-) JobUnselected: {'identifier': 'ur_simulation_gz'}
[0.000404] (ur5e_moveit_demo) JobQueued: {'identifier': 'ur5e_moveit_demo', 'dependencies': OrderedDict({'ur_description': '/home/russell/ROS2_REPAS/install/ur_description', 'ur_simulation_gz': '/home/russell/ROS2_REPAS/install/ur_simulation_gz'})}
[0.000422] (ur5e_moveit_demo) JobStarted: {'identifier': 'ur5e_moveit_demo'}
[0.007286] (ur5e_moveit_demo) JobProgress: {'identifier': 'ur5e_moveit_demo', 'progress': 'cmake'}
[0.008044] (ur5e_moveit_demo) JobProgress: {'identifier': 'ur5e_moveit_demo', 'progress': 'build'}
[0.008943] (ur5e_moveit_demo) Command: {'cmd': ['/usr/bin/cmake', '--build', '/home/russell/ROS2_REPAS/build/ur5e_moveit_demo', '--', '-j24', '-l24'], 'cwd': '/home/russell/ROS2_REPAS/build/ur5e_moveit_demo', 'env': OrderedDict({'LESSOPEN': '| /usr/bin/lesspipe %s', 'USER': 'russell', 'XDG_SESSION_TYPE': 'x11', 'CLUTTER_DISABLE_MIPMAPPED_TEXT': '1', 'SHLVL': '1', 'HOME': '/home/russell', 'DESKTOP_SESSION': 'ubuntu', 'GNOME_SHELL_SESSION_MODE': 'ubuntu', 'GTK_MODULES': 'gail:atk-bridge', 'SYSTEMD_EXEC_PID': '2994', 'GSM_SKIP_SSH_AGENT_WORKAROUND': 'true', 'DBUS_SESSION_BUS_ADDRESS': 'unix:path=/run/user/1000/bus', 'COLORTERM': 'truecolor', 'DEBUGINFOD_URLS': 'https://debuginfod.ubuntu.com', 'LOGNAME': 'russell', '_': '/usr/bin/colcon', 'MEMORY_PRESSURE_WATCH': '/sys/fs/cgroup/user.slice/user-1000.slice/user@1000.service/session.slice/org.gnome.Shell@x11.service/memory.pressure', 'XDG_SESSION_CLASS': 'user', 'USERNAME': 'russell', 'TERM': 'xterm-256color', 'GNOME_DESKTOP_SESSION_ID': 'this-is-deprecated', 'WINDOWPATH': '2', 'PATH': '/home/russell/.cargo/bin:/usr/local/sbin:/usr/local/bin:/usr/sbin:/usr/bin:/sbin:/bin:/usr/games:/usr/local/games:/snap/bin:/snap/bin', 'SESSION_MANAGER': 'local/russell-System-Product-Name:@/tmp/.ICE-unix/2951,unix/russell-System-Product-Name:/tmp/.ICE-unix/2951', 'XDG_MENU_PREFIX': 'gnome-', 'GNOME_TERMINAL_SCREEN': '/org/gnome/Terminal/screen/d56e1e85_c694_4d48_8d5f_22ebbd41592e', 'XDG_RUNTIME_DIR': '/run/user/1000', 'DISPLAY': ':1', 'LANG': 'en_US.UTF-8', 'XDG_CURRENT_DESKTOP': 'ubuntu:GNOME', 'XMODIFIERS': '@im=ibus', 'XDG_SESSION_DESKTOP': 'ubuntu', 'XAUTHORITY': '/run/user/1000/gdm/Xauthority', 'LS_COLORS': 'rs=0:di=01;34:ln=01;36:mh=00:pi=40;33:so=01;35:do=01;35:bd=40;33;01:cd=40;33;01:or=40;31;01:mi=00:su=37;41:sg=30;43:ca=00:tw=30;42:ow=34;42:st=37;44:ex=01;32:*.tar=01;31:*.tgz=01;31:*.arc=01;31:*.arj=01;31:*.taz=01;31:*.lha=01;31:*.lz4=01;31:*.lzh=01;31:*.lzma=01;31:*.tlz=01;31:*.txz=01;31:*.tzo=01;31:*.t7z=01;31:*.zip=01;31:*.z=01;31:*.dz=01;31:*.gz=01;31:*.lrz=01;31:*.lz=01;31:*.lzo=01;31:*.xz=01;31:*.zst=01;31:*.tzst=01;31:*.bz2=01;31:*.bz=01;31:*.tbz=01;31:*.tbz2=01;31:*.tz=01;31:*.deb=01;31:*.rpm=01;31:*.jar=01;31:*.war=01;31:*.ear=01;31:*.sar=01;31:*.rar=01;31:*.alz=01;31:*.ace=01;31:*.zoo=01;31:*.cpio=01;31:*.7z=01;31:*.rz=01;31:*.cab=01;31:*.wim=01;31:*.swm=01;31:*.dwm=01;31:*.esd=01;31:*.avif=01;35:*.jpg=01;35:*.jpeg=01;35:*.mjpg=01;35:*.mjpeg=01;35:*.gif=01;35:*.bmp=01;35:*.pbm=01;35:*.pgm=01;35:*.ppm=01;35:*.tga=01;35:*.xbm=01;35:*.xpm=01;35:*.tif=01;35:*.tiff=01;35:*.png=01;35:*.svg=01;35:*.svgz=01;35:*.mng=01;35:*.pcx=01;35:*.mov=01;35:*.mpg=01;35:*.mpeg=01;35:*.m2v=01;35:*.mkv=01;35:*.webm=01;35:*.webp=01;35:*.ogm=01;35:*.mp4=01;35:*.m4v=01;35:*.mp4v=01;35:*.vob=01;35:*.qt=01;35:*.nuv=01;35:*.wmv=01;35:*.asf=01;35:*.rm=01;35:*.rmvb=01;35:*.flc=01;35:*.avi=01;35:*.fli=01;35:*.flv=01;35:*.gl=01;35:*.dl=01;35:*.xcf=01;35:*.xwd=01;35:*.yuv=01;35:*.cgm=01;35:*.emf=01;35:*.ogv=01;35:*.ogx=01;35:*.aac=00;36:*.au=00;36:*.flac=00;36:*.m4a=00;36:*.mid=00;36:*.midi=00;36:*.mka=00;36:*.mp3=00;36:*.mpc=00;36:*.ogg=00;36:*.ra=00;36:*.wav=00;36:*.oga=00;36:*.opus=00;36:*.spx=00;36:*.xspf=00;36:*~=00;90:*#=00;90:*.bak=00;90:*.crdownload=00;90:*.dpkg-dist=00;90:*.dpkg-new=00;90:*.dpkg-old=00;90:*.dpkg-tmp=00;90:*.old=00;90:*.orig=00;90:*.part=00;90:*.rej=00;90:*.rpmnew=00;90:*.rpmorig=00;90:*.rpmsave=00;90:*.swp=00;90:*.tmp=00;90:*.ucf-dist=00;90:*.ucf-new=00;90:*.ucf-old=00;90:', 'GNOME_TERMINAL_SERVICE': ':1.95', 'SSH_AUTH_SOCK': '/run/user/1000/keyring/ssh', 'AMENT_PREFIX_PATH': '/home/russell/ROS2_REPAS/install/ur_simulation_gz:/home/russell/ROS2_REPAS/install/ur_description', 'SHELL': '/bin/bash', 'QT_ACCESSIBILITY': '1', 'GDMSESSION': 'ubuntu', 'LESSCLOSE': '/usr/bin/lesspipe %s %s', 'GPG_AGENT_INFO': '/run/user/1000/gnupg/S.gpg-agent:0:1', 'QT_IM_MODULE': 'ibus', 'PWD': '/home/russell/ROS2_REPAS/build/ur5e_moveit_demo', 'LC_ALL': 'en_US.UTF-8', 'XDG_CONFIG_DIRS': '/etc/xdg/xdg-ubuntu:/etc/xdg', 'XDG_DATA_DIRS': '/usr/share/ubuntu:/usr/share/gnome:/usr/local/share/:/usr/share/:/var/lib/snapd/desktop', 'COLCON': '1', 'MEMORY_PRESSURE_WRITE': 'c29tZSAyMDAwMDAgMjAwMDAwMAA=', 'VTE_VERSION': '7600', 'CMAKE_PREFIX_PATH': '/home/russell/ROS2_REPAS/install/ur_simulation_gz:/home/russell/ROS2_REPAS/install/ur_description'}), 'shell': False}
[0.044696] (ur5e_moveit_demo) StdoutLine: {'line': b'-- Found ament_cmake: 2.5.4 (/opt/ros/jazzy/share/ament_cmake/cmake)\n'}
[0.099071] (-) TimerEvent: {}
[0.199364] (-) TimerEvent: {}
[0.299742] (-) TimerEvent: {}
[0.400252] (-) TimerEvent: {}
[0.500631] (-) TimerEvent: {}
[0.600933] (-) TimerEvent: {}
[0.701579] (-) TimerEvent: {}
[0.802011] (-) TimerEvent: {}
[0.902374] (-) TimerEvent: {}
[1.002778] (-) TimerEvent: {}
[1.103377] (-) TimerEvent: {}
[1.203895] (-) TimerEvent: {}
[1.304368] (-) TimerEvent: {}
[1.404743] (-) TimerEvent: {}
[1.505060] (-) TimerEvent: {}
[1.605439] (-) TimerEvent: {}
[1.620540] (ur5e_moveit_demo) StderrLine: {'line': b'Traceback (most recent call last):\n'}
[1.620911] (ur5e_moveit_demo) StderrLine: {'line': b'  File "/opt/ros/jazzy/share/ament_cmake_core/cmake/package_templates/templates_2_cmake.py", line 21, in <module>\n'}
[1.621095] (ur5e_moveit_demo) StderrLine: {'line': b'    from ament_package.templates import get_environment_hook_template_path\n'}
[1.621261] (ur5e_moveit_demo) StderrLine: {'line': b"ModuleNotFoundError: No module named 'ament_package'\n"}
[1.663294] (ur5e_moveit_demo) StderrLine: {'line': b'\x1b[31mCMake Error at /opt/ros/jazzy/share/ament_cmake_core/cmake/ament_cmake_package_templates-extras.cmake:41 (message):\n'}
[1.663542] (ur5e_moveit_demo) StderrLine: {'line': b'  execute_process(/usr/bin/python3\n'}
[1.663687] (ur5e_moveit_demo) StderrLine: {'line': b'  /opt/ros/jazzy/share/ament_cmake_core/cmake/package_templates/templates_2_cmake.py\n'}
[1.663832] (ur5e_moveit_demo) StderrLine: {'line': b'  /home/russell/ROS2_REPAS/build/ur5e_moveit_demo/ament_cmake_package_templates/templates.cmake)\n'}
[1.663994] (ur5e_moveit_demo) StderrLine: {'line': b'  returned error code 1\n'}
[1.664132] (ur5e_moveit_demo) StderrLine: {'line': b'Call Stack (most recent call first):\n'}
[1.664256] (ur5e_moveit_demo) StderrLine: {'line': b'  /opt/ros/jazzy/share/ament_cmake_core/cmake/ament_cmake_coreConfig.cmake:41 (include)\n'}
[1.664378] (ur5e_moveit_demo) StderrLine: {'line': b'  /opt/ros/jazzy/share/ament_cmake/cmake/ament_cmake_export_dependencies-extras.cmake:15 (find_package)\n'}
[1.664497] (ur5e_moveit_demo) StderrLine: {'line': b'  /opt/ros/jazzy/share/ament_cmake/cmake/ament_cmakeConfig.cmake:41 (include)\n'}
[1.664615] (ur5e_moveit_demo) StderrLine: {'line': b'  CMakeLists.txt:9 (find_package)\n'}
[1.664763] (ur5e_moveit_demo) StderrLine: {'line': b'\n'}
[1.664848] (ur5e_moveit_demo) StderrLine: {'line': b'\x1b[0m\n'}
[1.664912] (ur5e_moveit_demo) StdoutLine: {'line': b'-- Configuring incomplete, errors occurred!\n'}
[1.668762] (ur5e_moveit_demo) StderrLine: {'line': b'gmake: *** [Makefile:759: cmake_check_build_system] Error 1\n'}
[1.672038] (ur5e_moveit_demo) CommandEnded: {'returncode': 2}
[1.684514] (ur5e_moveit_demo) JobEnded: {'identifier': 'ur5e_moveit_demo', 'rc': 2}
[1.694946] (-) EventReactorShutdown: {}
