[  7%] Built target rpm_continuous
[ 14%] Built target russell_script1
[ 21%] Built target hydroponic_waypoint_grid_v2
[ 28%] Built target move_ur5e
[ 50%] Built target hydroponic_waypoint_grid
[ 53%] Built target home
[ 50%] Built target waypoint_grid
[ 57%] Built target parlight_grid
[ 64%] Built target rpm_simple
[ 71%] [32mBuilding CXX object CMakeFiles/rpm_pos_agnostic_with_data.dir/src/rpm_pos_agnostic_with_data.cpp.o[0m
[ 75%] Built target parlight_grid_with_cadsensor
[ 82%] Built target rpm_simple_with_data
[ 96%] Built target parlight_grid_with_hydrosystem
[ 96%] Built target parlight_grid_with_parsensor
[01m[K/home/russell/ROS2_REPAS/src/ur5e_moveit_demo/src/rpm_pos_agnostic_with_data.cpp:11:10:[m[K [01;31m[Kfatal error: [m[Ktf2_geometry_msgs/tf2_geometry_msgs.h: No such file or directory
   11 | #include [01;31m[K<tf2_geometry_msgs/tf2_geometry_msgs.h>[m[K
      |          [01;31m[K^~~~~~~~~~~~~~~~~~~~~~~~~~~~~~~~~~~~~~~[m[K
compilation terminated.
gmake[2]: *** [CMakeFiles/rpm_pos_agnostic_with_data.dir/build.make:76: CMakeFiles/rpm_pos_agnostic_with_data.dir/src/rpm_pos_agnostic_with_data.cpp.o] Error 1
gmake[1]: *** [CMakeFiles/Makefile2:501: CMakeFiles/rpm_pos_agnostic_with_data.dir/all] Error 2
gmake: *** [Makefile:146: all] Error 2
