In file included from [01m[K/opt/ros/jazzy/include/rclcpp/rclcpp/copy_all_parameter_values.hpp:27[m[K,
                 from [01m[K/opt/ros/jazzy/include/rclcpp/rclcpp/rclcpp.hpp:171[m[K,
                 from [01m[K/home/russell/ROS2_REPAS/src/ur5e_moveit_demo/src/russell_script1.cpp:1[m[K:
[01m[K/home/russell/ROS2_REPAS/src/ur5e_moveit_demo/src/russell_script1.cpp:[m[K In function â€˜[01m[Kint[01;32m[K main[m[K(int, char**)[m[Kâ€™:
[01m[K/home/russell/ROS2_REPAS/src/ur5e_moveit_demo/src/russell_script1.cpp:39:15:[m[K [01;31m[Kerror: [m[Kâ€˜[01m[KLOGGER[m[Kâ€™ was not declared in this scope
   39 |   RCLCPP_INFO([01;31m[KLOGGER[m[K, "Approach to object!");
      |               [01;31m[K^~~~~~[m[K
[01m[K/home/russell/ROS2_REPAS/src/ur5e_moveit_demo/src/russell_script1.cpp:39:3:[m[K [01;31m[Kerror: [m[Ktemplate argument 1 is invalid
   39 |   [01;31m[KRCLCPP_INFO[m[K(LOGGER, "Approach to object!");
      |   [01;31m[K^~~~~~~~~~~[m[K
[01m[K/home/russell/ROS2_REPAS/src/ur5e_moveit_demo/src/russell_script1.cpp:39:3:[m[K [01;31m[Kerror: [m[Ktemplate argument 1 is invalid
   39 |   [01;31m[KRCLCPP_INFO[m[K(LOGGER, "Approach to object!");
      |   [01;31m[K^~~~~~~~~~~[m[K
[01m[K/home/russell/ROS2_REPAS/src/ur5e_moveit_demo/src/russell_script1.cpp:39:3:[m[K [01;31m[Kerror: [m[Ktemplate argument 1 is invalid
   39 |   [01;31m[KRCLCPP_INFO[m[K(LOGGER, "Approach to object!");
      |   [01;31m[K^~~~~~~~~~~[m[K
[01m[K/home/russell/ROS2_REPAS/src/ur5e_moveit_demo/src/russell_script1.cpp:42:3:[m[K [01;31m[Kerror: [m[Kâ€˜[01m[Ktarget_pose1[m[Kâ€™ was not declared in this scope; did you mean â€˜[01m[Ktarget_pose[m[Kâ€™?
   42 |   [01;31m[Ktarget_pose1[m[K.position.z -= 0.03;
      |   [01;31m[K^~~~~~~~~~~~[m[K
      |   [32m[Ktarget_pose[m[K
[01m[K/home/russell/ROS2_REPAS/src/ur5e_moveit_demo/src/russell_script1.cpp:52:21:[m[K [01;31m[Kerror: [m[Kâ€˜[01m[Kmove_group_arm[m[Kâ€™ was not declared in this scope; did you mean â€˜[01m[Kmove_group[m[Kâ€™?
   52 |   double fraction = [01;31m[Kmove_group_arm[m[K.computeCartesianPath(
      |                     [01;31m[K^~~~~~~~~~~~~~[m[K
      |                     [32m[Kmove_group[m[K
gmake[2]: *** [CMakeFiles/russell_script1.dir/build.make:76: CMakeFiles/russell_script1.dir/src/russell_script1.cpp.o] Error 1
gmake[1]: *** [CMakeFiles/Makefile2:193: CMakeFiles/russell_script1.dir/all] Error 2
gmake: *** [Makefile:146: all] Error 2
