[ 18%] Built target move_ur5e
[ 18%] Built target home
[ 36%] Built target hydroponic_waypoint_grid_v2
[ 36%] Built target waypoint_grid
[ 50%] Built target russell_script1
[ 54%] Built target parlight_grid
[ 63%] Built target hydroponic_waypoint_grid
[ 72%] Built target parlight_grid_with_hydrosystem
[ 81%] Built target parlight_grid_with_cadsensor
[ 90%] Built target parlight_grid_with_parsensor
[ 95%] [32mBuilding CXX object CMakeFiles/rpm_simple.dir/src/rpm_simple.cpp.o[0m
[01m[K/home/russell/ROS2_REPAS/src/ur5e_moveit_demo/src/rpm_simple.cpp:4:10:[m[K [01;31m[Kfatal error: [m[Ktf2_geometry_msgs/tf2_geometry_msgs.h: No such file or directory
    4 | #include [01;31m[K<tf2_geometry_msgs/tf2_geometry_msgs.h>[m[K
      |          [01;31m[K^~~~~~~~~~~~~~~~~~~~~~~~~~~~~~~~~~~~~~~[m[K
compilation terminated.
gmake[2]: *** [CMakeFiles/rpm_simple.dir/build.make:76: CMakeFiles/rpm_simple.dir/src/rpm_simple.cpp.o] Error 1
gmake[1]: *** [CMakeFiles/Makefile2:417: CMakeFiles/rpm_simple.dir/all] Error 2
gmake: *** [Makefile:146: all] Error 2
