[ 16%] Built target waypoint_grid
[ 16%] Built target move_ur5e
[ 33%] Built target home
[ 33%] Built target parlight_grid
[ 45%] Built target russell_script1
[ 50%] Built target hydroponic_waypoint_grid
[ 58%] Built target hydroponic_waypoint_grid_v2
[ 62%] [32mBuilding CXX object CMakeFiles/rpm_complex.dir/src/rpm_complex.cpp.o[0m
[ 70%] Built target parlight_grid_with_cadsensor
[ 79%] Built target parlight_grid_with_parsensor
[ 87%] Built target rpm_simple
[ 95%] Built target parlight_grid_with_hydrosystem
[01m[K/home/russell/ROS2_REPAS/src/ur5e_moveit_demo/src/rpm_complex.cpp:12:10:[m[K [01;31m[Kfatal error: [m[Kcontrol_msgs/action/follow_joint_trajectory.hpp: No such file or directory
   12 | #include [01;31m[K<control_msgs/action/follow_joint_trajectory.hpp>[m[K
      |          [01;31m[K^~~~~~~~~~~~~~~~~~~~~~~~~~~~~~~~~~~~~~~~~~~~~~~~~[m[K
compilation terminated.
gmake[2]: *** [CMakeFiles/rpm_complex.dir/build.make:76: CMakeFiles/rpm_complex.dir/src/rpm_complex.cpp.o] Error 1
gmake[1]: *** [CMakeFiles/Makefile2:445: CMakeFiles/rpm_complex.dir/all] Error 2
gmake: *** [Makefile:146: all] Error 2
