[0.013s] Invoking command in '/home/russell/ROS2_REPAS/build/ur5e_moveit_demo': CMAKE_PREFIX_PATH=/home/russell/ROS2_REPAS/install/ur_simulation_gz:/home/russell/ROS2_REPAS/install/ur_description:/home/russell/ROS2_REPAS/install/ur5e_moveit_demo:/home/russell/ROS2_REPAS/install/robotiq_2f_gripper_hardware:/home/russell/ROS2_REPAS/install/robotiq_2f_gripper_interfaces:/home/russell/ROS2_REPAS/install/serial:/home/russell/ROS2_REPAS/install/robotiq_2f_gripper_msgs:/home/russell/ROS2_REPAS/install/robotiq_2f_gripper_description:/opt/ros/jazzy/opt/gz_sim_vendor:/opt/ros/jazzy/opt/gz_sensors_vendor:/opt/ros/jazzy/opt/gz_physics_vendor:/opt/ros/jazzy/opt/sdformat_vendor:/opt/ros/jazzy/opt/gz_gui_vendor:/opt/ros/jazzy/opt/gz_transport_vendor:/opt/ros/jazzy/opt/gz_rendering_vendor:/opt/ros/jazzy/opt/gz_plugin_vendor:/opt/ros/jazzy/opt/gz_fuel_tools_vendor:/opt/ros/jazzy/opt/gz_msgs_vendor:/opt/ros/jazzy/opt/gz_common_vendor:/opt/ros/jazzy/opt/gz_math_vendor:/opt/ros/jazzy/opt/gz_utils_vendor:/opt/ros/jazzy/opt/gz_tools_vendor:/opt/ros/jazzy/opt/gz_ogre_next_vendor:/opt/ros/jazzy/opt/gz_dartsim_vendor:/opt/ros/jazzy/opt/gz_cmake_vendor:/opt/ros/jazzy DEBUGINFOD_URLS=https://debuginfod.ubuntu.com /usr/bin/cmake --build /home/russell/ROS2_REPAS/build/ur5e_moveit_demo -- -j24 -l24
[0.099s] [ 50%] Built target move_ur5e
[0.099s] [ 50%] Built target home
[0.099s] [ 57%] Built target hydroponic_waypoint_grid
[0.099s] [ 57%] Built target russell_script1
[0.099s] [ 71%] Built target waypoint_grid
[0.100s] [ 85%] Built target hydroponic_waypoint_grid_v2
[0.112s] [ 92%] [32mBuilding CXX object CMakeFiles/parlight_grid.dir/src/parlight_grid.cpp.o[0m
[4.114s] [01m[K/home/russell/ROS2_REPAS/src/ur5e_moveit_demo/src/parlight_grid.cpp:[m[K In function â€˜[01m[Kint[01;32m[K main[m[K(int, char**)[m[Kâ€™:
[4.114s] [01m[K/home/russell/ROS2_REPAS/src/ur5e_moveit_demo/src/parlight_grid.cpp:59:26:[m[K [01;35m[Kwarning: [m[Kstatement has no effect [[01;35m[K]8;;https://gcc.gnu.org/onlinedocs/gcc/Warning-Options.html#index-Wunused-value-Wunused-value]8;;[m[K]
[4.114s]    59 |   [01;35m[Kstart_pose.orientation.x[m[K;
[4.114s]       |   [01;35m[K~~~~~~~~~~~~~~~~~~~~~~~^[m[K
[4.114s] [01m[K/home/russell/ROS2_REPAS/src/ur5e_moveit_demo/src/parlight_grid.cpp:60:26:[m[K [01;35m[Kwarning: [m[Kstatement has no effect [[01;35m[K]8;;https://gcc.gnu.org/onlinedocs/gcc/Warning-Options.html#index-Wunused-value-Wunused-value]8;;[m[K]
[4.114s]    60 |   [01;35m[Kstart_pose.orientation.y[m[K;
[4.115s]       |   [01;35m[K~~~~~~~~~~~~~~~~~~~~~~~^[m[K
[4.115s] [01m[K/home/russell/ROS2_REPAS/src/ur5e_moveit_demo/src/parlight_grid.cpp:61:26:[m[K [01;35m[Kwarning: [m[Kstatement has no effect [[01;35m[K]8;;https://gcc.gnu.org/onlinedocs/gcc/Warning-Options.html#index-Wunused-value-Wunused-value]8;;[m[K]
[4.115s]    61 |   [01;35m[Kstart_pose.orientation.z[m[K;
[4.115s]       |   [01;35m[K~~~~~~~~~~~~~~~~~~~~~~~^[m[K
[4.115s] [01m[K/home/russell/ROS2_REPAS/src/ur5e_moveit_demo/src/parlight_grid.cpp:62:26:[m[K [01;35m[Kwarning: [m[Kstatement has no effect [[01;35m[K]8;;https://gcc.gnu.org/onlinedocs/gcc/Warning-Options.html#index-Wunused-value-Wunused-value]8;;[m[K]
[4.115s]    62 |   [01;35m[Kstart_pose.orientation.w[m[K;
[4.115s]       |   [01;35m[K~~~~~~~~~~~~~~~~~~~~~~~^[m[K
[4.115s] [01m[K/home/russell/ROS2_REPAS/src/ur5e_moveit_demo/src/parlight_grid.cpp:63:23:[m[K [01;35m[Kwarning: [m[Kstatement has no effect [[01;35m[K]8;;https://gcc.gnu.org/onlinedocs/gcc/Warning-Options.html#index-Wunused-value-Wunused-value]8;;[m[K]
[4.116s]    63 |   [01;35m[Kstart_pose.position.x[m[K;
[4.116s]       |   [01;35m[K~~~~~~~~~~~~~~~~~~~~^[m[K
[4.116s] [01m[K/home/russell/ROS2_REPAS/src/ur5e_moveit_demo/src/parlight_grid.cpp:64:23:[m[K [01;35m[Kwarning: [m[Kstatement has no effect [[01;35m[K]8;;https://gcc.gnu.org/onlinedocs/gcc/Warning-Options.html#index-Wunused-value-Wunused-value]8;;[m[K]
[4.116s]    64 |   [01;35m[Kstart_pose.position.y[m[K;
[4.116s]       |   [01;35m[K~~~~~~~~~~~~~~~~~~~~^[m[K
[4.116s] [01m[K/home/russell/ROS2_REPAS/src/ur5e_moveit_demo/src/parlight_grid.cpp:65:23:[m[K [01;35m[Kwarning: [m[Kstatement has no effect [[01;35m[K]8;;https://gcc.gnu.org/onlinedocs/gcc/Warning-Options.html#index-Wunused-value-Wunused-value]8;;[m[K]
[4.116s]    65 |   [01;35m[Kstart_pose.position.z[m[K;
[4.116s]       |   [01;35m[K~~~~~~~~~~~~~~~~~~~~^[m[K
[4.117s] [01m[K/home/russell/ROS2_REPAS/src/ur5e_moveit_demo/src/parlight_grid.cpp:83:54:[m[K [01;35m[Kwarning: [m[Kâ€˜[01m[Kdouble moveit::planning_interface::MoveGroupInterface::[01;32m[KcomputeCartesianPath[m[K(const std::vector<geometry_msgs::msg::Pose_<std::allocator<void> > >&, double, double, moveit_msgs::msg::RobotTrajectory&, bool, moveit_msgs::msg::MoveItErrorCodes*)[m[Kâ€™ is deprecated: Drop jump_threshold [[01;35m[K]8;;https://gcc.gnu.org/onlinedocs/gcc/Warning-Options.html#index-Wdeprecated-declarations-Wdeprecated-declarations]8;;[m[K]
[4.117s]    83 |     double fraction = [01;35m[Kmove_group.computeCartesianPath([m[K
[4.117s]       |                       [01;35m[K~~~~~~~~~~~~~~~~~~~~~~~~~~~~~~~^[m[K
[4.117s]    84 | [01;35m[K    waypoints_z, eef_step_z, jump_threshold_z, trajectory_approach_z)[m[K;
[4.117s]       |     [01;35m[K~~~~~~~~~~~~~~~~~~~~~~~~~~~~~~~~~~~~~~~~~~~~~~~~~~~~~~~~~~~~~~~~~[m[K
[4.117s] In file included from [01m[K/home/russell/ROS2_REPAS/src/ur5e_moveit_demo/src/parlight_grid.cpp:2[m[K:
[4.118s] [01m[K/opt/ros/jazzy/include/moveit_ros_planning_interface/moveit/move_group_interface/move_group_interface.hpp:765:3:[m[K [01;36m[Knote: [m[Kdeclared here
[4.118s]   765 |   [01;36m[KcomputeCartesianPath[m[K(const std::vector<geometry_msgs::msg::Pose>& waypoints, double eef_step,
[4.118s]       |   [01;36m[K^~~~~~~~~~~~~~~~~~~~[m[K
[4.118s] [01m[K/home/russell/ROS2_REPAS/src/ur5e_moveit_demo/src/parlight_grid.cpp:124:16:[m[K [01;35m[Kwarning: [m[Kmissing initializer for member â€˜[01m[Kmain(int, char**)::Node::y[m[Kâ€™ [[01;35m[K]8;;https://gcc.gnu.org/onlinedocs/gcc/Warning-Options.html#index-Wmissing-field-initializers-Wmissing-field-initializers]8;;[m[K]
[4.118s]   124 |   Node N3 = {11[01;35m[K}[m[K, -12};
[4.118s]       |                [01;35m[K^[m[K
[4.119s] [01m[K/home/russell/ROS2_REPAS/src/ur5e_moveit_demo/src/parlight_grid.cpp:124:19:[m[K [01;31m[Kerror: [m[Kexpected unqualified-id before â€˜[01m[K-[m[Kâ€™ token
[4.119s]   124 |   Node N3 = {11}, [01;31m[K-[m[K12};
[4.119s]       |                   [01;31m[K^[m[K
[4.119s] [01m[K/home/russell/ROS2_REPAS/src/ur5e_moveit_demo/src/parlight_grid.cpp:122:8:[m[K [01;35m[Kwarning: [m[Kunused variable â€˜[01m[KN1[m[Kâ€™ [[01;35m[K]8;;https://gcc.gnu.org/onlinedocs/gcc/Warning-Options.html#index-Wunused-variable-Wunused-variable]8;;[m[K]
[4.119s]   122 |   Node [01;35m[KN1[m[K = {-11, 12};
[4.119s]       |        [01;35m[K^~[m[K
[4.119s] [01m[K/home/russell/ROS2_REPAS/src/ur5e_moveit_demo/src/parlight_grid.cpp:123:8:[m[K [01;35m[Kwarning: [m[Kunused variable â€˜[01m[KN2[m[Kâ€™ [[01;35m[K]8;;https://gcc.gnu.org/onlinedocs/gcc/Warning-Options.html#index-Wunused-variable-Wunused-variable]8;;[m[K]
[4.119s]   123 |   Node [01;35m[KN2[m[K = {11, 12};
[4.119s]       |        [01;35m[K^~[m[K
[4.120s] [01m[K/home/russell/ROS2_REPAS/src/ur5e_moveit_demo/src/parlight_grid.cpp:124:8:[m[K [01;35m[Kwarning: [m[Kunused variable â€˜[01m[KN3[m[Kâ€™ [[01;35m[K]8;;https://gcc.gnu.org/onlinedocs/gcc/Warning-Options.html#index-Wunused-variable-Wunused-variable]8;;[m[K]
[4.120s]   124 |   Node [01;35m[KN3[m[K = {11}, -12};
[4.120s]       |        [01;35m[K^~[m[K
[4.120s] [01m[K/home/russell/ROS2_REPAS/src/ur5e_moveit_demo/src/parlight_grid.cpp:[m[K At global scope:
[4.120s] [01m[K/home/russell/ROS2_REPAS/src/ur5e_moveit_demo/src/parlight_grid.cpp:125:3:[m[K [01;31m[Kerror: [m[Kâ€˜[01m[KNode[m[Kâ€™ does not name a type
[4.120s]   125 |   [01;31m[KNode[m[K N4 = {-11, -12};
[4.120s]       |   [01;31m[K^~~~[m[K
[4.120s] [01m[K/home/russell/ROS2_REPAS/src/ur5e_moveit_demo/src/parlight_grid.cpp:127:15:[m[K [01;31m[Kerror: [m[Kâ€˜[01m[KNode[m[Kâ€™ was not declared in this scope; did you mean â€˜[01m[Krclcpp::Node[m[Kâ€™?
[4.120s]   127 |   std::vector<[01;31m[KNode[m[K> nodes = {N1, N2, N3, N4};
[4.121s]       |               [01;31m[K^~~~[m[K
[4.121s]       |               [32m[Krclcpp::Node[m[K
[4.121s] In file included from [01m[K/opt/ros/jazzy/include/rclcpp/rclcpp/executors/single_threaded_executor.hpp:28[m[K,
[4.121s]                  from [01m[K/opt/ros/jazzy/include/rclcpp/rclcpp/executors.hpp:22[m[K,
[4.121s]                  from [01m[K/opt/ros/jazzy/include/rclcpp/rclcpp/rclcpp.hpp:172[m[K,
[4.121s]                  from [01m[K/home/russell/ROS2_REPAS/src/ur5e_moveit_demo/src/parlight_grid.cpp:1[m[K:
[4.121s] [01m[K/opt/ros/jazzy/include/rclcpp/rclcpp/node.hpp:79:7:[m[K [01;36m[Knote: [m[Kâ€˜[01m[Krclcpp::Node[m[Kâ€™ declared here
[4.121s]    79 | class [01;36m[KNode[m[K : public std::enable_shared_from_this<Node>
[4.122s]       |       [01;36m[K^~~~[m[K
[4.122s] [01m[K/home/russell/ROS2_REPAS/src/ur5e_moveit_demo/src/parlight_grid.cpp:127:19:[m[K [01;31m[Kerror: [m[Ktemplate argument 1 is invalid
[4.122s]   127 |   std::vector<Node[01;31m[K>[m[K nodes = {N1, N2, N3, N4};
[4.122s]       |                   [01;31m[K^[m[K
[4.122s] [01m[K/home/russell/ROS2_REPAS/src/ur5e_moveit_demo/src/parlight_grid.cpp:127:19:[m[K [01;31m[Kerror: [m[Ktemplate argument 2 is invalid
[4.122s] [01m[K/home/russell/ROS2_REPAS/src/ur5e_moveit_demo/src/parlight_grid.cpp:127:30:[m[K [01;31m[Kerror: [m[Kâ€˜[01m[KN1[m[Kâ€™ was not declared in this scope; did you mean â€˜[01m[Ky1[m[Kâ€™?
[4.122s]   127 |   std::vector<Node> nodes = {[01;31m[KN1[m[K, N2, N3, N4};
[4.122s]       |                              [01;31m[K^~[m[K
[4.122s]       |                              [32m[Ky1[m[K
[4.124s] [01m[K/home/russell/ROS2_REPAS/src/ur5e_moveit_demo/src/parlight_grid.cpp:127:34:[m[K [01;31m[Kerror: [m[Kâ€˜[01m[KN2[m[Kâ€™ was not declared in this scope
[4.124s]   127 |   std::vector<Node> nodes = {N1, [01;31m[KN2[m[K, N3, N4};
[4.124s]       |                                  [01;31m[K^~[m[K
[4.127s] [01m[K/home/russell/ROS2_REPAS/src/ur5e_moveit_demo/src/parlight_grid.cpp:127:38:[m[K [01;31m[Kerror: [m[Kâ€˜[01m[KN3[m[Kâ€™ was not declared in this scope
[4.127s]   127 |   std::vector<Node> nodes = {N1, N2, [01;31m[KN3[m[K, N4};
[4.127s]       |                                      [01;31m[K^~[m[K
[4.130s] [01m[K/home/russell/ROS2_REPAS/src/ur5e_moveit_demo/src/parlight_grid.cpp:127:42:[m[K [01;31m[Kerror: [m[Kâ€˜[01m[KN4[m[Kâ€™ was not declared in this scope
[4.130s]   127 |   std::vector<Node> nodes = {N1, N2, N3, [01;31m[KN4[m[K};
[4.130s]       |                                          [01;31m[K^~[m[K
[4.130s] [01m[K/home/russell/ROS2_REPAS/src/ur5e_moveit_demo/src/parlight_grid.cpp:127:21:[m[K [01;31m[Kerror: [m[Kscalar object â€˜[01m[Knodes[m[Kâ€™ requires one element in initializer
[4.130s]   127 |   std::vector<Node> [01;31m[Knodes[m[K = {N1, N2, N3, N4};
[4.130s]       |                     [01;31m[K^~~~~[m[K
[4.130s] [01m[K/home/russell/ROS2_REPAS/src/ur5e_moveit_demo/src/parlight_grid.cpp:129:3:[m[K [01;31m[Kerror: [m[Kexpected unqualified-id before â€˜[01m[Kfor[m[Kâ€™
[4.130s]   129 |   [01;31m[Kfor[m[K (size_t i = 0; i < nodes.size(); ++i) {
[4.130s]       |   [01;31m[K^~~[m[K
[4.131s] [01m[K/home/russell/ROS2_REPAS/src/ur5e_moveit_demo/src/parlight_grid.cpp:129:22:[m[K [01;31m[Kerror: [m[Kâ€˜[01m[Ki[m[Kâ€™ does not name a type
[4.131s]   129 |   for (size_t i = 0; [01;31m[Ki[m[K < nodes.size(); ++i) {
[4.131s]       |                      [01;31m[K^[m[K
[4.131s] [01m[K/home/russell/ROS2_REPAS/src/ur5e_moveit_demo/src/parlight_grid.cpp:129:40:[m[K [01;31m[Kerror: [m[Kexpected unqualified-id before â€˜[01m[K++[m[Kâ€™ token
[4.131s]   129 |   for (size_t i = 0; i < nodes.size(); [01;31m[K++[m[Ki) {
[4.132s]       |                                        [01;31m[K^~[m[K
[4.134s] [01m[K/home/russell/ROS2_REPAS/src/ur5e_moveit_demo/src/parlight_grid.cpp:164:3:[m[K [01;31m[Kerror: [m[Kâ€˜[01m[Kjoint_group_positions[m[Kâ€™ does not name a type
[4.134s]   164 |   [01;31m[Kjoint_group_positions[m[K[0] = -3.14; // shoulder pan
[4.134s]       |   [01;31m[K^~~~~~~~~~~~~~~~~~~~~[m[K
[4.138s] [01m[K/home/russell/ROS2_REPAS/src/ur5e_moveit_demo/src/parlight_grid.cpp:165:3:[m[K [01;31m[Kerror: [m[Kâ€˜[01m[Kjoint_group_positions[m[Kâ€™ does not name a type
[4.138s]   165 |   [01;31m[Kjoint_group_positions[m[K[1] = -1.5708; // shoulder lift
[4.138s]       |   [01;31m[K^~~~~~~~~~~~~~~~~~~~~[m[K
[4.142s] [01m[K/home/russell/ROS2_REPAS/src/ur5e_moveit_demo/src/parlight_grid.cpp:166:3:[m[K [01;31m[Kerror: [m[Kâ€˜[01m[Kjoint_group_positions[m[Kâ€™ does not name a type
[4.142s]   166 |   [01;31m[Kjoint_group_positions[m[K[2] = 1.5708; // elbow
[4.142s]       |   [01;31m[K^~~~~~~~~~~~~~~~~~~~~[m[K
[4.146s] [01m[K/home/russell/ROS2_REPAS/src/ur5e_moveit_demo/src/parlight_grid.cpp:167:3:[m[K [01;31m[Kerror: [m[Kâ€˜[01m[Kjoint_group_positions[m[Kâ€™ does not name a type
[4.146s]   167 |   [01;31m[Kjoint_group_positions[m[K[3] = -1.5708; // wrist 1
[4.146s]       |   [01;31m[K^~~~~~~~~~~~~~~~~~~~~[m[K
[4.150s] [01m[K/home/russell/ROS2_REPAS/src/ur5e_moveit_demo/src/parlight_grid.cpp:168:3:[m[K [01;31m[Kerror: [m[Kâ€˜[01m[Kjoint_group_positions[m[Kâ€™ does not name a type
[4.150s]   168 |   [01;31m[Kjoint_group_positions[m[K[4] = -1.5708; // wrist 2
[4.150s]       |   [01;31m[K^~~~~~~~~~~~~~~~~~~~~[m[K
[4.153s] [01m[K/home/russell/ROS2_REPAS/src/ur5e_moveit_demo/src/parlight_grid.cpp:169:3:[m[K [01;31m[Kerror: [m[Kâ€˜[01m[Kjoint_group_positions[m[Kâ€™ does not name a type
[4.153s]   169 |   [01;31m[Kjoint_group_positions[m[K[5] = 3.14; // wrist 3
[4.153s]       |   [01;31m[K^~~~~~~~~~~~~~~~~~~~~[m[K
[4.154s] [01m[K/home/russell/ROS2_REPAS/src/ur5e_moveit_demo/src/parlight_grid.cpp:171:3:[m[K [01;31m[Kerror: [m[Kâ€˜[01m[Kmove_group[m[Kâ€™ does not name a type
[4.155s]   171 |   [01;31m[Kmove_group[m[K.setJointValueTarget(joint_group_positions);
[4.155s]       |   [01;31m[K^~~~~~~~~~[m[K
[4.156s] [01m[K/home/russell/ROS2_REPAS/src/ur5e_moveit_demo/src/parlight_grid.cpp:174:3:[m[K [01;31m[Kerror: [m[Kâ€˜[01m[Ksuccess[m[Kâ€™ does not name a type
[4.156s]   174 |   [01;31m[Ksuccess[m[K = (move_group.plan(my_plan) == moveit::core::MoveItErrorCode::SUCCESS);
[4.156s]       |   [01;31m[K^~~~~~~[m[K
[4.156s] [01m[K/home/russell/ROS2_REPAS/src/ur5e_moveit_demo/src/parlight_grid.cpp:176:3:[m[K [01;31m[Kerror: [m[Kexpected unqualified-id before â€˜[01m[Kif[m[Kâ€™
[4.156s]   176 |   [01;31m[Kif[m[K (success) {
[4.156s]       |   [01;31m[K^~[m[K
[4.156s] [01m[K/home/russell/ROS2_REPAS/src/ur5e_moveit_demo/src/parlight_grid.cpp:180:3:[m[K [01;31m[Kerror: [m[Kexpected unqualified-id before â€˜[01m[Kelse[m[Kâ€™
[4.156s]   180 |   [01;31m[Kelse[m[K {
[4.156s]       |   [01;31m[K^~~~[m[K
[4.157s] [01m[K/home/russell/ROS2_REPAS/src/ur5e_moveit_demo/src/parlight_grid.cpp:185:21:[m[K [01;31m[Kerror: [m[Kexpected constructor, destructor, or type conversion before â€˜[01m[K;[m[Kâ€™ token
[4.157s]   185 |   rclcpp::shutdown()[01;31m[K;[m[K
[4.157s]       |                     [01;31m[K^[m[K
[4.157s] [01m[K/home/russell/ROS2_REPAS/src/ur5e_moveit_demo/src/parlight_grid.cpp:186:3:[m[K [01;31m[Kerror: [m[Kexpected unqualified-id before â€˜[01m[Kreturn[m[Kâ€™
[4.157s]   186 |   [01;31m[Kreturn[m[K 0;
[4.157s]       |   [01;31m[K^~~~~~[m[K
[4.157s] [01m[K/home/russell/ROS2_REPAS/src/ur5e_moveit_demo/src/parlight_grid.cpp:187:1:[m[K [01;31m[Kerror: [m[Kexpected declaration before â€˜[01m[K}[m[Kâ€™ token
[4.157s]   187 | [01;31m[K}[m[K
[4.157s]       | [01;31m[K^[m[K
[5.907s] gmake[2]: *** [CMakeFiles/parlight_grid.dir/build.make:76: CMakeFiles/parlight_grid.dir/src/parlight_grid.cpp.o] Error 1
[5.907s] gmake[1]: *** [CMakeFiles/Makefile2:305: CMakeFiles/parlight_grid.dir/all] Error 2
[5.908s] gmake: *** [Makefile:146: all] Error 2
[5.912s] Invoked command in '/home/russell/ROS2_REPAS/build/ur5e_moveit_demo' returned '2': CMAKE_PREFIX_PATH=/home/russell/ROS2_REPAS/install/ur_simulation_gz:/home/russell/ROS2_REPAS/install/ur_description:/home/russell/ROS2_REPAS/install/ur5e_moveit_demo:/home/russell/ROS2_REPAS/install/robotiq_2f_gripper_hardware:/home/russell/ROS2_REPAS/install/robotiq_2f_gripper_interfaces:/home/russell/ROS2_REPAS/install/serial:/home/russell/ROS2_REPAS/install/robotiq_2f_gripper_msgs:/home/russell/ROS2_REPAS/install/robotiq_2f_gripper_description:/opt/ros/jazzy/opt/gz_sim_vendor:/opt/ros/jazzy/opt/gz_sensors_vendor:/opt/ros/jazzy/opt/gz_physics_vendor:/opt/ros/jazzy/opt/sdformat_vendor:/opt/ros/jazzy/opt/gz_gui_vendor:/opt/ros/jazzy/opt/gz_transport_vendor:/opt/ros/jazzy/opt/gz_rendering_vendor:/opt/ros/jazzy/opt/gz_plugin_vendor:/opt/ros/jazzy/opt/gz_fuel_tools_vendor:/opt/ros/jazzy/opt/gz_msgs_vendor:/opt/ros/jazzy/opt/gz_common_vendor:/opt/ros/jazzy/opt/gz_math_vendor:/opt/ros/jazzy/opt/gz_utils_vendor:/opt/ros/jazzy/opt/gz_tools_vendor:/opt/ros/jazzy/opt/gz_ogre_next_vendor:/opt/ros/jazzy/opt/gz_dartsim_vendor:/opt/ros/jazzy/opt/gz_cmake_vendor:/opt/ros/jazzy DEBUGINFOD_URLS=https://debuginfod.ubuntu.com /usr/bin/cmake --build /home/russell/ROS2_REPAS/build/ur5e_moveit_demo -- -j24 -l24
