[  4%] [32mBuilding CXX object CMakeFiles/rpm_complex.dir/src/rpm_complex.cpp.o[0m
[ 29%] Built target home
[ 29%] Built target waypoint_grid
[ 29%] Built target parlight_grid
[ 37%] Built target hydroponic_waypoint_grid_v2
[ 54%] Built target russell_script1
[ 54%] Built target move_ur5e
[ 62%] Built target parlight_grid_with_cadsensor
[ 70%] Built target parlight_grid_with_parsensor
[ 79%] Built target parlight_grid_with_hydrosystem
[ 87%] Built target hydroponic_waypoint_grid
[ 95%] Built target rpm_simple
In file included from [01m[K/opt/ros/jazzy/include/rclcpp/rclcpp/rclcpp.hpp:171[m[K,
                 from [01m[K/home/russell/ROS2_REPAS/src/ur5e_moveit_demo/src/rpm_complex.cpp:6[m[K:
[01m[K/opt/ros/jazzy/include/rclcpp/rclcpp/copy_all_parameter_values.hpp:21:10:[m[K [01;31m[Kfatal error: [m[Krcl_interfaces/srv/list_parameters.hpp: No such file or directory
   21 | #include [01;31m[K"rcl_interfaces/srv/list_parameters.hpp"[m[K
      |          [01;31m[K^~~~~~~~~~~~~~~~~~~~~~~~~~~~~~~~~~~~~~~~[m[K
compilation terminated.
gmake[2]: *** [CMakeFiles/rpm_complex.dir/build.make:76: CMakeFiles/rpm_complex.dir/src/rpm_complex.cpp.o] Error 1
gmake[1]: *** [CMakeFiles/Makefile2:445: CMakeFiles/rpm_complex.dir/all] Error 2
gmake: *** [Makefile:146: all] Error 2
