-- The C compiler identification is GNU 13.3.0
-- The CXX compiler identification is GNU 13.3.0
-- Detecting C compiler ABI info
-- Detecting C compiler ABI info - done
-- Check for working C compiler: /usr/bin/cc - skipped
-- Detecting C compile features
-- Detecting C compile features - done
-- Detecting CXX compiler ABI info
-- Detecting CXX compiler ABI info - done
-- Check for working CXX compiler: /usr/bin/c++ - skipped
-- Detecting CXX compile features
-- Detecting CXX compile features - done
-- Found ament_cmake: 2.5.3 (/opt/ros/jazzy/share/ament_cmake/cmake)
-- Found Python3: /usr/bin/python3 (found version "3.12.3") found components: Interpreter 
-- Found angles: 1.16.0 (/opt/ros/jazzy/share/angles/cmake)
-- Found controller_interface: 4.27.0 (/opt/ros/jazzy/share/controller_interface/cmake)
-- Found rosidl_generator_c: 4.6.5 (/opt/ros/jazzy/share/rosidl_generator_c/cmake)
-- Found rosidl_generator_cpp: 4.6.5 (/opt/ros/jazzy/share/rosidl_generator_cpp/cmake)
-- Using all available rosidl_typesupport_c: rosidl_typesupport_fastrtps_c;rosidl_typesupport_introspection_c
-- Using all available rosidl_typesupport_cpp: rosidl_typesupport_fastrtps_cpp;rosidl_typesupport_introspection_cpp
-- Found TinyXML2 via Config file: /usr/lib/x86_64-linux-gnu/cmake/tinyxml2
-- Found rmw_implementation_cmake: 7.3.1 (/opt/ros/jazzy/share/rmw_implementation_cmake/cmake)
-- Found rmw_fastrtps_cpp: 8.4.1 (/opt/ros/jazzy/share/rmw_fastrtps_cpp/cmake)
-- Found TinyXML2 via Config file: /usr/lib/x86_64-linux-gnu/cmake/tinyxml2
-- Found OpenSSL: /usr/lib/x86_64-linux-gnu/libcrypto.so (found version "3.0.13")  
-- Found TinyXML2 via Config file: /usr/lib/x86_64-linux-gnu/cmake/tinyxml2
-- Found FastRTPS: /opt/ros/jazzy/include (Required is at least version "2.13") 
-- Found TinyXML2 via Config file: /usr/lib/x86_64-linux-gnu/cmake/tinyxml2
-- Found TinyXML2 via Config file: /usr/lib/x86_64-linux-gnu/cmake/tinyxml2
-- Using RMW implementation 'rmw_fastrtps_cpp' as default
-- Found joint_trajectory_controller: 4.21.0 (/opt/ros/jazzy/share/joint_trajectory_controller/cmake)
-- Found std_srvs: 5.3.5 (/opt/ros/jazzy/share/std_srvs/cmake)
-- Found tf2_geometry_msgs: 0.36.8 (/opt/ros/jazzy/share/tf2_geometry_msgs/cmake)
-- Found eigen3_cmake_module: 0.3.0 (/opt/ros/jazzy/share/eigen3_cmake_module/cmake)
-- Found Eigen3: TRUE (found version "3.4.0") 
-- Ensuring Eigen3 include directory is part of orocos-kdl CMake target
-- Found ur_dashboard_msgs: 3.2.1 (/home/russell/ROS2_REPAS/install/ur_dashboard_msgs/share/ur_dashboard_msgs/cmake)
-- Found ur_msgs: 2.1.0 (/opt/ros/jazzy/share/ur_msgs/cmake)
-- Found ament_cmake_gmock: 2.5.3 (/opt/ros/jazzy/share/ament_cmake_gmock/cmake)
-- Found controller_manager: 4.27.0 (/opt/ros/jazzy/share/controller_manager/cmake)
-- Found ros2_control_test_assets: 4.27.0 (/opt/ros/jazzy/share/ros2_control_test_assets/cmake)
-- Found gmock sources under '/opt/ros/jazzy/src/gmock_vendor': C++ tests using 'Google Mock' will be built
-- Found ament_cmake_gtest: 2.5.3 (/opt/ros/jazzy/share/ament_cmake_gtest/cmake)
-- Found gtest sources under '/opt/ros/jazzy/src/gtest_vendor': C++ tests using 'Google Test' will be built
-- Configuring done (2.4s)
-- Generating done (0.2s)
-- Build files have been written to: /home/russell/ROS2_REPAS/build/ur_controllers
[  5%] [34m[1mRunning `/opt/ros/jazzy/bin/generate_parameter_library_cpp /home/russell/ROS2_REPAS/build/ur_controllers/include/ur_controllers/tool_contact_controller_parameters.hpp /home/russell/ROS2_REPAS/src/Universal_Robots_ROS2_Driver/ur_controllers/src/tool_contact_controller_parameters.yaml `[0m
[  5%] [34m[1mRunning `/opt/ros/jazzy/bin/generate_parameter_library_cpp /home/russell/ROS2_REPAS/build/ur_controllers/include/ur_controllers/freedrive_mode_controller_parameters.hpp /home/russell/ROS2_REPAS/src/Universal_Robots_ROS2_Driver/ur_controllers/src/freedrive_mode_controller_parameters.yaml `[0m
[ 14%] [32mBuilding CXX object gmock/CMakeFiles/gmock.dir/src/gmock-all.cc.o[0m
[ 14%] [32mBuilding CXX object gmock/CMakeFiles/gmock.dir/opt/ros/jazzy/src/gtest_vendor/src/gtest-all.cc.o[0m
[ 14%] [34m[1mRunning `/opt/ros/jazzy/bin/generate_parameter_library_cpp /home/russell/ROS2_REPAS/build/ur_controllers/include/ur_controllers/force_mode_controller_parameters.hpp /home/russell/ROS2_REPAS/src/Universal_Robots_ROS2_Driver/ur_controllers/src/force_mode_controller_parameters.yaml `[0m
[ 17%] [34m[1mRunning `/opt/ros/jazzy/bin/generate_parameter_library_cpp /home/russell/ROS2_REPAS/build/ur_controllers/include/ur_controllers/gpio_controller_parameters.hpp /home/russell/ROS2_REPAS/src/Universal_Robots_ROS2_Driver/ur_controllers/src/gpio_controller_parameters.yaml `[0m
[ 23%] [34m[1mRunning `/opt/ros/jazzy/bin/generate_parameter_library_cpp /home/russell/ROS2_REPAS/build/ur_controllers/include/ur_controllers/passthrough_trajectory_controller_parameters.hpp /home/russell/ROS2_REPAS/src/Universal_Robots_ROS2_Driver/ur_controllers/src/passthrough_trajectory_controller_parameters.yaml `[0m
[ 23%] [34m[1mRunning `/opt/ros/jazzy/bin/generate_parameter_library_cpp /home/russell/ROS2_REPAS/build/ur_controllers/include/ur_controllers/speed_scaling_state_broadcaster_parameters.hpp /home/russell/ROS2_REPAS/src/Universal_Robots_ROS2_Driver/ur_controllers/src/speed_scaling_state_broadcaster_parameters.yaml `[0m
[ 26%] [34m[1mRunning `/opt/ros/jazzy/bin/generate_parameter_library_cpp /home/russell/ROS2_REPAS/build/ur_controllers/include/ur_controllers/ur_configuration_controller_parameters.hpp /home/russell/ROS2_REPAS/src/Universal_Robots_ROS2_Driver/ur_controllers/src/ur_configuration_controller_parameters.yaml `[0m
[ 29%] [32mBuilding CXX object gmock/CMakeFiles/gmock_main.dir/src/gmock_main.cc.o[0m
[ 32%] [34m[1mRunning `/opt/ros/jazzy/bin/generate_parameter_library_cpp /home/russell/ROS2_REPAS/build/ur_controllers/include/ur_controllers/scaled_joint_trajectory_controller_parameters.hpp /home/russell/ROS2_REPAS/src/Universal_Robots_ROS2_Driver/ur_controllers/src/scaled_joint_trajectory_controller_parameters.yaml `[0m
[ 38%] [34m[1mCreating deprecated header file /home/russell/ROS2_REPAS/build/ur_controllers/include/speed_scaling_state_broadcaster_parameters.hpp[0m
[ 38%] [34m[1mCreating deprecated header file /home/russell/ROS2_REPAS/build/ur_controllers/include/ur_configuration_controller_parameters.hpp[0m
[ 44%] [34m[1mCreating deprecated header file /home/russell/ROS2_REPAS/build/ur_controllers/include/tool_contact_controller_parameters.hpp[0m
[ 44%] [34m[1mCreating deprecated header file /home/russell/ROS2_REPAS/build/ur_controllers/include/scaled_joint_trajectory_controller_parameters.hpp[0m
[ 47%] [34m[1mCreating deprecated header file /home/russell/ROS2_REPAS/build/ur_controllers/include/force_mode_controller_parameters.hpp[0m
[ 50%] [34m[1mCreating deprecated header file /home/russell/ROS2_REPAS/build/ur_controllers/include/passthrough_trajectory_controller_parameters.hpp[0m
[ 52%] [34m[1mCreating deprecated header file /home/russell/ROS2_REPAS/build/ur_controllers/include/gpio_controller_parameters.hpp[0m
[ 52%] Built target ur_configuration_controller_parameters
[ 52%] Built target scaled_joint_trajectory_controller_parameters
[ 52%] Built target tool_contact_controller_parameters
[ 52%] Built target speed_scaling_state_broadcaster_parameters
[ 55%] [34m[1mCreating deprecated header file /home/russell/ROS2_REPAS/build/ur_controllers/include/freedrive_mode_controller_parameters.hpp[0m
[ 55%] Built target force_mode_controller_parameters
[ 55%] Built target passthrough_trajectory_controller_parameters
[ 55%] Built target gpio_controller_parameters
[ 55%] Built target freedrive_mode_controller_parameters
[ 61%] [32mBuilding CXX object CMakeFiles/ur_controllers.dir/src/tool_contact_controller.cpp.o[0m
[ 61%] [32mBuilding CXX object CMakeFiles/ur_controllers.dir/src/scaled_joint_trajectory_controller.cpp.o[0m
[ 67%] [32mBuilding CXX object CMakeFiles/ur_controllers.dir/src/speed_scaling_state_broadcaster.cpp.o[0m
[ 67%] [32mBuilding CXX object CMakeFiles/ur_controllers.dir/src/gpio_controller.cpp.o[0m
[ 70%] [32mBuilding CXX object CMakeFiles/ur_controllers.dir/src/ur_configuration_controller.cpp.o[0m
[ 79%] [32mBuilding CXX object CMakeFiles/ur_controllers.dir/src/passthrough_trajectory_controller.cpp.o[0m
[ 79%] [32mBuilding CXX object CMakeFiles/ur_controllers.dir/src/freedrive_mode_controller.cpp.o[0m
[ 79%] [32mBuilding CXX object CMakeFiles/ur_controllers.dir/src/force_mode_controller.cpp.o[0m
[ 82%] [32m[1mLinking CXX static library libgmock_main.a[0m
[ 82%] Built target gmock_main
In file included from [01m[K/home/russell/ROS2_REPAS/src/Universal_Robots_ROS2_Driver/ur_controllers/src/tool_contact_controller.cpp:42[m[K:
[01m[K/home/russell/ROS2_REPAS/src/Universal_Robots_ROS2_Driver/ur_controllers/include/ur_controllers/tool_contact_controller.hpp:59:10:[m[K [01;31m[Kfatal error: [m[Kur_msgs/action/tool_contact.hpp: No such file or directory
   59 | #include [01;31m[K<ur_msgs/action/tool_contact.hpp>[m[K
      |          [01;31m[K^~~~~~~~~~~~~~~~~~~~~~~~~~~~~~~~~[m[K
compilation terminated.
gmake[2]: *** [CMakeFiles/ur_controllers.dir/build.make:76: CMakeFiles/ur_controllers.dir/src/tool_contact_controller.cpp.o] Error 1
gmake[2]: *** Waiting for unfinished jobs....
[ 85%] [32m[1mLinking CXX static library libgmock.a[0m
[ 85%] Built target gmock
gmake[1]: *** [CMakeFiles/Makefile2:409: CMakeFiles/ur_controllers.dir/all] Error 2
gmake: *** [Makefile:146: all] Error 2
