[  4%] [32mBuilding CXX object CMakeFiles/rpm_simple.dir/src/rpm_simple.cpp.o[0m
[ 22%] Built target hydroponic_waypoint_grid
[ 22%] Built target waypoint_grid
[ 40%] Built target russell_script1
[ 40%] Built target home
[ 50%] Built target hydroponic_waypoint_grid_v2
[ 59%] Built target parlight_grid
[ 68%] Built target move_ur5e
[ 77%] Built target parlight_grid_with_parsensor
[ 86%] Built target parlight_grid_with_cadsensor
[ 95%] Built target parlight_grid_with_hydrosystem
In file included from [01m[K/home/russell/ROS2_REPAS/src/ur5e_moveit_demo/src/rpm_simple.cpp:4[m[K:
[01m[K/opt/ros/jazzy/include/tf2_geometry_msgs/tf2_geometry_msgs/tf2_geometry_msgs.hpp:60:10:[m[K [01;31m[Kfatal error: [m[Ktf2_ros/buffer_interface.hpp: No such file or directory
   60 | #include [01;31m[K"tf2_ros/buffer_interface.hpp"[m[K
      |          [01;31m[K^~~~~~~~~~~~~~~~~~~~~~~~~~~~~~[m[K
compilation terminated.
gmake[2]: *** [CMakeFiles/rpm_simple.dir/build.make:76: CMakeFiles/rpm_simple.dir/src/rpm_simple.cpp.o] Error 1
gmake[1]: *** [CMakeFiles/Makefile2:417: CMakeFiles/rpm_simple.dir/all] Error 2
gmake: *** [Makefile:146: all] Error 2
