[0.009s] Invoking command in '/home/russell/ROS2_REPAS/build/ur5e_moveit_demo': AMENT_PREFIX_PATH=/home/russell/ROS2_REPAS/install/ur_simulation_gz:/home/russell/ROS2_REPAS/install/ur_description:${AMENT_PREFIX_PATH} CMAKE_PREFIX_PATH=/home/russell/ROS2_REPAS/install/ur_simulation_gz:/home/russell/ROS2_REPAS/install/ur_description:/opt/ros/jazzy/opt/gz_sim_vendor:/opt/ros/jazzy/opt/gz_sensors_vendor:/opt/ros/jazzy/opt/gz_physics_vendor:/opt/ros/jazzy/opt/sdformat_vendor:/opt/ros/jazzy/opt/gz_gui_vendor:/opt/ros/jazzy/opt/gz_transport_vendor:/opt/ros/jazzy/opt/gz_rendering_vendor:/opt/ros/jazzy/opt/gz_plugin_vendor:/opt/ros/jazzy/opt/gz_fuel_tools_vendor:/opt/ros/jazzy/opt/gz_msgs_vendor:/opt/ros/jazzy/opt/gz_common_vendor:/opt/ros/jazzy/opt/gz_math_vendor:/opt/ros/jazzy/opt/gz_utils_vendor:/opt/ros/jazzy/opt/gz_tools_vendor:/opt/ros/jazzy/opt/gz_ogre_next_vendor:/opt/ros/jazzy/opt/gz_dartsim_vendor:/opt/ros/jazzy/opt/gz_cmake_vendor:/opt/ros/jazzy DEBUGINFOD_URLS=https://debuginfod.ubuntu.com /usr/bin/cmake --build /home/russell/ROS2_REPAS/build/ur5e_moveit_demo -- -j24 -l24
[0.087s] [  3%] [32mBuilding CXX object CMakeFiles/rpm_simple_with_data.dir/src/rpm_simple_with_data.cpp.o[0m
[0.110s] [ 11%] Built target move_ur5e
[0.110s] [ 19%] Built target hydroponic_waypoint_grid_v2
[0.112s] [ 26%] Built target hydroponic_waypoint_grid
[0.112s] [ 42%] Built target waypoint_grid
[0.112s] [ 42%] Built target russell_script1
[0.113s] [ 50%] Built target parlight_grid
[0.113s] [ 57%] Built target rpm_simple
[0.115s] [ 65%] Built target home
[0.117s] [ 73%] Built target parlight_grid_with_parsensor
[0.119s] [ 80%] Built target parlight_grid_with_cadsensor
[0.119s] [ 88%] Built target parlight_grid_with_hydrosystem
[0.123s] [ 92%] [32mBuilding CXX object CMakeFiles/rpm_complex.dir/src/rpm_complex.cpp.o[0m
[2.457s] In file included from [01m[K/home/russell/ROS2_REPAS/src/ur5e_moveit_demo/src/rpm_simple_with_data.cpp:6[m[K:
[2.457s] [01m[K/opt/ros/jazzy/include/moveit_ros_planning_interface/moveit/move_group_interface/move_group_interface.h:51:77:[m[K [01;36m[Knote: [m[Kâ€˜[01m[K#pragma message: .h header is obsolete. Please use the .hpp header instead.[m[Kâ€™
[2.457s]    51 | #pragma message(".h header is obsolete. Please use the .hpp header instead."[01;36m[K)[m[K
[2.457s]       |                                                                             [01;36m[K^[m[K
[3.546s] In file included from [01m[K/home/russell/ROS2_REPAS/src/ur5e_moveit_demo/src/rpm_complex.cpp:6[m[K:
[3.546s] [01m[K/opt/ros/jazzy/include/moveit_ros_planning_interface/moveit/move_group_interface/move_group_interface.h:51:77:[m[K [01;36m[Knote: [m[Kâ€˜[01m[K#pragma message: .h header is obsolete. Please use the .hpp header instead.[m[Kâ€™
[3.546s]    51 | #pragma message(".h header is obsolete. Please use the .hpp header instead."[01;36m[K)[m[K
[3.546s]       |                                                                             [01;36m[K^[m[K
[4.145s] In file included from [01m[K/home/russell/ROS2_REPAS/src/ur5e_moveit_demo/src/rpm_simple_with_data.cpp:7[m[K:
[4.145s] [01m[K/opt/ros/jazzy/include/moveit_ros_planning_interface/moveit/planning_scene_interface/planning_scene_interface.h:50:77:[m[K [01;36m[Knote: [m[Kâ€˜[01m[K#pragma message: .h header is obsolete. Please use the .hpp header instead.[m[Kâ€™
[4.146s]    50 | #pragma message(".h header is obsolete. Please use the .hpp header instead."[01;36m[K)[m[K
[4.146s]       |                                                                             [01;36m[K^[m[K
[4.202s] [01m[K/home/russell/ROS2_REPAS/src/ur5e_moveit_demo/src/rpm_simple_with_data.cpp:[m[K In function â€˜[01m[Kint[01;32m[K main[m[K(int, char**)[m[Kâ€™:
[4.202s] [01m[K/home/russell/ROS2_REPAS/src/ur5e_moveit_demo/src/rpm_simple_with_data.cpp:62:26:[m[K [01;31m[Kerror: [m[Kvariable â€˜[01m[Kstd::ofstream logfile[m[Kâ€™ has initializer but incomplete type
[4.204s]    62 |     std::ofstream logfile[01;31m[K([m[K"rotated_vectors.csv");
[4.204s]       |                          [01;31m[K^[m[K
[4.206s] [01m[K/home/russell/ROS2_REPAS/src/ur5e_moveit_demo/src/rpm_simple_with_data.cpp:107:48:[m[K [01;31m[Kerror: [m[Kuse of â€˜[01m[Krobot_model_loader[m[Kâ€™ before deduction of â€˜[01m[Kauto[m[Kâ€™
[4.206s]   107 |     auto robot_model_loader = std::make_shared<[01;31m[Krobot_model_loader[m[K::RobotModelLoader>(node);
[4.206s]       |                                                [01;31m[K^~~~~~~~~~~~~~~~~~[m[K
[4.206s] [01m[K/home/russell/ROS2_REPAS/src/ur5e_moveit_demo/src/rpm_simple_with_data.cpp:107:36:[m[K [01;31m[Kerror: [m[Kparse error in template argument list
[4.206s]   107 |     auto robot_model_loader = std::[01;31m[Kmake_shared<robot_model_loader::RobotModelLoader>[m[K(node);
[4.206s]       |                                    [01;31m[K^~~~~~~~~~~~~~~~~~~~~~~~~~~~~~~~~~~~~~~~~~~~~~~~~[m[K
[4.207s] [01m[K/home/russell/ROS2_REPAS/src/ur5e_moveit_demo/src/rpm_simple_with_data.cpp:107:85:[m[K [01;31m[Kerror: [m[Kno matching function for call to â€˜[01m[Kmake_shared<<expression error> >(std::shared_ptr<rclcpp::Node>&)[m[Kâ€™
[4.207s]   107 |     auto robot_model_loader = [01;31m[Kstd::make_shared<robot_model_loader::RobotModelLoader>(node)[m[K;
[4.207s]       |                               [01;31m[K~~~~~~~~~~~~~~~~~~~~~~~~~~~~~~~~~~~~~~~~~~~~~~~~~~~~~~^~~~~~[m[K
[4.207s] In file included from [01m[K/usr/include/c++/13/memory:80[m[K,
[4.207s]                  from [01m[K/home/russell/ROS2_REPAS/src/ur5e_moveit_demo/src/rpm_simple_with_data.cpp:1[m[K:
[4.207s] [01m[K/usr/include/c++/13/bits/shared_ptr.h:1005:5:[m[K [01;36m[Knote: [m[Kcandidate: â€˜[01m[Ktemplate<class _Tp, class ... _Args> std::shared_ptr<typename std::enable_if<(! std::is_array< <template-parameter-1-1> >::value), _Tp>::type> std::[01;32m[Kmake_shared[m[K(_Args&& ...)[m[Kâ€™
[4.207s]  1005 |     [01;36m[Kmake_shared[m[K(_Args&&... __args)
[4.207s]       |     [01;36m[K^~~~~~~~~~~[m[K
[4.207s] [01m[K/usr/include/c++/13/bits/shared_ptr.h:1005:5:[m[K [01;36m[Knote: [m[K  template argument deduction/substitution failed:
[4.208s] [01m[K/home/russell/ROS2_REPAS/src/ur5e_moveit_demo/src/rpm_simple_with_data.cpp:107:85:[m[K [01;31m[Kerror: [m[Ktemplate argument 1 is invalid
[4.208s]   107 |     auto robot_model_loader = [01;31m[Kstd::make_shared<robot_model_loader::RobotModelLoader>(node)[m[K;
[4.208s]       |                               [01;31m[K~~~~~~~~~~~~~~~~~~~~~~~~~~~~~~~~~~~~~~~~~~~~~~~~~~~~~~^~~~~~[m[K
[4.216s] [01m[K/home/russell/ROS2_REPAS/src/ur5e_moveit_demo/src/rpm_simple_with_data.cpp:108:33:[m[K [01;31m[Kerror: [m[Kâ€˜[01m[Kplanning_scene_monitor[m[Kâ€™ was not declared in this scope
[4.216s]   108 |     auto psm = std::make_shared<[01;31m[Kplanning_scene_monitor[m[K::PlanningSceneMonitor>(node, robot_model_loader);
[4.216s]       |                                 [01;31m[K^~~~~~~~~~~~~~~~~~~~~~[m[K
[4.216s] [01m[K/home/russell/ROS2_REPAS/src/ur5e_moveit_demo/src/rpm_simple_with_data.cpp:108:21:[m[K [01;31m[Kerror: [m[Kparse error in template argument list
[4.216s]   108 |     auto psm = std::[01;31m[Kmake_shared<planning_scene_monitor::PlanningSceneMonitor>[m[K(node, robot_model_loader);
[4.216s]       |                     [01;31m[K^~~~~~~~~~~~~~~~~~~~~~~~~~~~~~~~~~~~~~~~~~~~~~~~~~~~~~~~~[m[K
[5.148s] In file included from [01m[K/home/russell/ROS2_REPAS/src/ur5e_moveit_demo/src/rpm_complex.cpp:7[m[K:
[5.148s] [01m[K/opt/ros/jazzy/include/moveit_ros_planning_interface/moveit/planning_scene_interface/planning_scene_interface.h:50:77:[m[K [01;36m[Knote: [m[Kâ€˜[01m[K#pragma message: .h header is obsolete. Please use the .hpp header instead.[m[Kâ€™
[5.148s]    50 | #pragma message(".h header is obsolete. Please use the .hpp header instead."[01;36m[K)[m[K
[5.148s]       |                                                                             [01;36m[K^[m[K
[5.158s] In file included from [01m[K/home/russell/ROS2_REPAS/src/ur5e_moveit_demo/src/rpm_complex.cpp:8[m[K:
[5.158s] [01m[K/opt/ros/jazzy/include/moveit_ros_planning/moveit/planning_scene_monitor/planning_scene_monitor.h:50:77:[m[K [01;36m[Knote: [m[Kâ€˜[01m[K#pragma message: .h header is obsolete. Please use the .hpp header instead.[m[Kâ€™
[5.158s]    50 | #pragma message(".h header is obsolete. Please use the .hpp header instead."[01;36m[K)[m[K
[5.159s]       |                                                                             [01;36m[K^[m[K
[5.931s] gmake[2]: *** [CMakeFiles/rpm_simple_with_data.dir/build.make:76: CMakeFiles/rpm_simple_with_data.dir/src/rpm_simple_with_data.cpp.o] Error 1
[5.932s] gmake[1]: *** [CMakeFiles/Makefile2:473: CMakeFiles/rpm_simple_with_data.dir/all] Error 2
[5.932s] gmake[1]: *** Waiting for unfinished jobs....
[6.020s] [01m[K/home/russell/ROS2_REPAS/src/ur5e_moveit_demo/src/rpm_complex.cpp:[m[K In function â€˜[01m[Kint[01;32m[K main[m[K(int, char**)[m[Kâ€™:
[6.020s] [01m[K/home/russell/ROS2_REPAS/src/ur5e_moveit_demo/src/rpm_complex.cpp:100:13:[m[K [01;31m[Kerror: [m[Kâ€˜[01m[Kmoveit::planning_scene_monitor[m[Kâ€™ has not been declared
[6.020s]   100 |     moveit::[01;31m[Kplanning_scene_monitor[m[K::PlanningSceneMonitor psm(move_group->getRobotModel());
[6.020s]       |             [01;31m[K^~~~~~~~~~~~~~~~~~~~~~[m[K
[6.026s] [01m[K/home/russell/ROS2_REPAS/src/ur5e_moveit_demo/src/rpm_complex.cpp:101:5:[m[K [01;31m[Kerror: [m[Kâ€˜[01m[Kpsm[m[Kâ€™ was not declared in this scope
[6.026s]   101 |     [01;31m[Kpsm[m[K.startSceneMonitor();
[6.026s]       |     [01;31m[K^~~[m[K
[8.523s] gmake[2]: *** [CMakeFiles/rpm_complex.dir/build.make:76: CMakeFiles/rpm_complex.dir/src/rpm_complex.cpp.o] Error 1
[8.524s] gmake[1]: *** [CMakeFiles/Makefile2:447: CMakeFiles/rpm_complex.dir/all] Error 2
[8.524s] gmake: *** [Makefile:146: all] Error 2
[8.528s] Invoked command in '/home/russell/ROS2_REPAS/build/ur5e_moveit_demo' returned '2': AMENT_PREFIX_PATH=/home/russell/ROS2_REPAS/install/ur_simulation_gz:/home/russell/ROS2_REPAS/install/ur_description:${AMENT_PREFIX_PATH} CMAKE_PREFIX_PATH=/home/russell/ROS2_REPAS/install/ur_simulation_gz:/home/russell/ROS2_REPAS/install/ur_description:/opt/ros/jazzy/opt/gz_sim_vendor:/opt/ros/jazzy/opt/gz_sensors_vendor:/opt/ros/jazzy/opt/gz_physics_vendor:/opt/ros/jazzy/opt/sdformat_vendor:/opt/ros/jazzy/opt/gz_gui_vendor:/opt/ros/jazzy/opt/gz_transport_vendor:/opt/ros/jazzy/opt/gz_rendering_vendor:/opt/ros/jazzy/opt/gz_plugin_vendor:/opt/ros/jazzy/opt/gz_fuel_tools_vendor:/opt/ros/jazzy/opt/gz_msgs_vendor:/opt/ros/jazzy/opt/gz_common_vendor:/opt/ros/jazzy/opt/gz_math_vendor:/opt/ros/jazzy/opt/gz_utils_vendor:/opt/ros/jazzy/opt/gz_tools_vendor:/opt/ros/jazzy/opt/gz_ogre_next_vendor:/opt/ros/jazzy/opt/gz_dartsim_vendor:/opt/ros/jazzy/opt/gz_cmake_vendor:/opt/ros/jazzy DEBUGINFOD_URLS=https://debuginfod.ubuntu.com /usr/bin/cmake --build /home/russell/ROS2_REPAS/build/ur5e_moveit_demo -- -j24 -l24
