[ 18%] Built target hydroponic_waypoint_grid_v2
[ 18%] Built target parlight_grid
[ 27%] Built target move_ur5e
[ 45%] Built target parlight_grid_with_parsensor
[ 45%] [32mBuilding CXX object CMakeFiles/rpm_simple.dir/src/rpm_simple.cpp.o[0m
[ 50%] Built target parlight_grid_with_hydrosystem
[ 77%] Built target russell_script1
[ 77%] Built target hydroponic_waypoint_grid
[ 81%] Built target home
[ 86%] Built target parlight_grid_with_cadsensor
[ 95%] Built target waypoint_grid
In file included from [01m[K/home/russell/ROS2_REPAS/src/ur5e_moveit_demo/src/rpm_simple.cpp:2[m[K:
[01m[K/opt/ros/jazzy/include/moveit_ros_planning_interface/moveit/move_group_interface/move_group_interface.h:51:77:[m[K [01;36m[Knote: [m[Kâ€˜[01m[K#pragma message: .h header is obsolete. Please use the .hpp header instead.[m[Kâ€™
   51 | #pragma message(".h header is obsolete. Please use the .hpp header instead."[01;36m[K)[m[K
      |                                                                             [01;36m[K^[m[K
[01m[K/home/russell/ROS2_REPAS/src/ur5e_moveit_demo/src/rpm_simple.cpp:[m[K In function â€˜[01m[Kint[01;32m[K main[m[K(int, char**)[m[Kâ€™:
[01m[K/home/russell/ROS2_REPAS/src/ur5e_moveit_demo/src/rpm_simple.cpp:37:32:[m[K [01;31m[Kerror: [m[Kâ€˜[01m[Kpos_x_dist[m[Kâ€™ was not declared in this scope; did you mean â€˜[01m[Kpos_z_dist[m[Kâ€™?
   37 |       target_pose.position.x = [01;31m[Kpos_x_dist[m[K(gen);
      |                                [01;31m[K^~~~~~~~~~[m[K
      |                                [32m[Kpos_z_dist[m[K
gmake[2]: *** [CMakeFiles/rpm_simple.dir/build.make:76: CMakeFiles/rpm_simple.dir/src/rpm_simple.cpp.o] Error 1
gmake[1]: *** [CMakeFiles/Makefile2:417: CMakeFiles/rpm_simple.dir/all] Error 2
gmake: *** [Makefile:146: all] Error 2
