[  5%] [32mBuilding CXX object CMakeFiles/parlight_grid_with_cad_sensor.dir/src/parlight_grid_with_cad_sensor.cpp.o[0m
[ 15%] Built target move_ur5e
[ 25%] Built target home
[ 35%] Built target russell_script1
[ 55%] Built target hydroponic_waypoint_grid_v2
[ 55%] Built target waypoint_grid
[ 65%] Built target parlight_grid
[ 75%] Built target hydroponic_waypoint_grid
[ 85%] Built target parlight_grid_with_hydrosystem
[ 95%] Built target parlight_grid_with_parsensor
In file included from [01m[K/opt/ros/jazzy/include/rclcpp/rclcpp/rclcpp.hpp:171[m[K,
                 from [01m[K/home/russell/ROS2_REPAS/src/ur5e_moveit_demo/src/parlight_grid_with_cad_sensor.cpp:1[m[K:
[01m[K/opt/ros/jazzy/include/rclcpp/rclcpp/copy_all_parameter_values.hpp:21:10:[m[K [01;31m[Kfatal error: [m[Krcl_interfaces/srv/list_parameters.hpp: No such file or directory
   21 | #include [01;31m[K"rcl_interfaces/srv/list_parameters.hpp"[m[K
      |          [01;31m[K^~~~~~~~~~~~~~~~~~~~~~~~~~~~~~~~~~~~~~~~[m[K
compilation terminated.
gmake[2]: *** [CMakeFiles/parlight_grid_with_cad_sensor.dir/build.make:76: CMakeFiles/parlight_grid_with_cad_sensor.dir/src/parlight_grid_with_cad_sensor.cpp.o] Error 1
gmake[1]: *** [CMakeFiles/Makefile2:389: CMakeFiles/parlight_grid_with_cad_sensor.dir/all] Error 2
gmake: *** [Makefile:146: all] Error 2
