-- The C compiler identification is GNU 13.3.0
-- The CXX compiler identification is GNU 13.3.0
-- Detecting C compiler ABI info
-- Detecting C compiler ABI info - done
-- Check for working C compiler: /usr/bin/cc - skipped
-- Detecting C compile features
-- Detecting C compile features - done
-- Detecting CXX compiler ABI info
-- Detecting CXX compiler ABI info - done
-- Check for working CXX compiler: /usr/bin/c++ - skipped
-- Detecting CXX compile features
-- Detecting CXX compile features - done
[0mur_robot_driver: You did not request a specific build type: selecting 'RelWithDebInfo'.[0m
-- Found ament_cmake: 2.5.3 (/opt/ros/jazzy/share/ament_cmake/cmake)
-- Found Python3: /usr/bin/python3 (found version "3.12.3") found components: Interpreter 
-- Found controller_manager: 4.27.0 (/opt/ros/jazzy/share/controller_manager/cmake)
-- Found rosidl_generator_c: 4.6.5 (/opt/ros/jazzy/share/rosidl_generator_c/cmake)
-- Found rosidl_generator_cpp: 4.6.5 (/opt/ros/jazzy/share/rosidl_generator_cpp/cmake)
-- Using all available rosidl_typesupport_c: rosidl_typesupport_fastrtps_c;rosidl_typesupport_introspection_c
-- Using all available rosidl_typesupport_cpp: rosidl_typesupport_fastrtps_cpp;rosidl_typesupport_introspection_cpp
-- Found rmw_implementation_cmake: 7.3.1 (/opt/ros/jazzy/share/rmw_implementation_cmake/cmake)
-- Found rmw_fastrtps_cpp: 8.4.1 (/opt/ros/jazzy/share/rmw_fastrtps_cpp/cmake)
-- Found OpenSSL: /usr/lib/x86_64-linux-gnu/libcrypto.so (found version "3.0.13")  
-- Found FastRTPS: /opt/ros/jazzy/include (Required is at least version "2.13") 
-- Using RMW implementation 'rmw_fastrtps_cpp' as default
-- Found std_srvs: 5.3.5 (/opt/ros/jazzy/share/std_srvs/cmake)
-- Found tf2_geometry_msgs: 0.36.8 (/opt/ros/jazzy/share/tf2_geometry_msgs/cmake)
-- Found eigen3_cmake_module: 0.3.0 (/opt/ros/jazzy/share/eigen3_cmake_module/cmake)
-- Found Eigen3: TRUE (found version "3.4.0") 
-- Ensuring Eigen3 include directory is part of orocos-kdl CMake target
-- Found ur_dashboard_msgs: 3.1.0 (/opt/ros/jazzy/share/ur_dashboard_msgs/cmake)
-- Found ur_msgs: 2.1.0 (/opt/ros/jazzy/share/ur_msgs/cmake)
-- Found ur_controllers: 3.1.0 (/opt/ros/jazzy/share/ur_controllers/cmake)
-- Found ur_description: 3.1.0 (/home/russell/ROS2_REPAS/install/ur_description/share/ur_description/cmake)
-- Found launch_testing_ament_cmake: 3.4.3 (/opt/ros/jazzy/share/launch_testing_ament_cmake/cmake)
-- Found python_cmake_module: 0.11.1 (/opt/ros/jazzy/share/python_cmake_module/cmake)
-- Found PythonExtra: /usr/bin/python3  
-- Configuring done (2.5s)
-- Generating done (0.1s)
-- Build files have been written to: /home/russell/ROS2_REPAS/build/ur_robot_driver
[ 38%] [32mBuilding CXX object CMakeFiles/ur_robot_driver_plugin.dir/src/dashboard_client_ros.cpp.o[0m
[ 38%] [32mBuilding CXX object CMakeFiles/ur_robot_driver_plugin.dir/src/urcl_log_handler.cpp.o[0m
[ 38%] [32mBuilding CXX object CMakeFiles/ur_robot_driver_plugin.dir/src/robot_state_helper.cpp.o[0m
[ 38%] [32mBuilding CXX object CMakeFiles/robot_state_helper.dir/src/robot_state_helper_node.cpp.o[0m
[ 38%] [32mBuilding CXX object CMakeFiles/robot_state_helper.dir/src/robot_state_helper.cpp.o[0m
[ 38%] [32mBuilding CXX object CMakeFiles/ur_robot_driver_plugin.dir/src/hardware_interface.cpp.o[0m
[ 38%] [32mBuilding CXX object CMakeFiles/robot_state_helper.dir/src/urcl_log_handler.cpp.o[0m
[ 44%] [32mBuilding CXX object CMakeFiles/controller_stopper_node.dir/src/controller_stopper.cpp.o[0m
[ 50%] [32mBuilding CXX object CMakeFiles/urscript_interface.dir/src/urscript_interface.cpp.o[0m
[ 55%] [32mBuilding CXX object CMakeFiles/controller_stopper_node.dir/src/controller_stopper_node.cpp.o[0m
[ 61%] [32mBuilding CXX object CMakeFiles/dashboard_client.dir/src/dashboard_client_ros.cpp.o[0m
[ 72%] [32mBuilding CXX object CMakeFiles/dashboard_client.dir/src/urcl_log_handler.cpp.o[0m
[ 72%] [32mBuilding CXX object CMakeFiles/dashboard_client.dir/src/dashboard_client_node.cpp.o[0m
[ 72%] Built target ament_cmake_python_copy_ur_robot_driver
running egg_info
creating ur_robot_driver.egg-info
writing ur_robot_driver.egg-info/PKG-INFO
writing dependency_links to ur_robot_driver.egg-info/dependency_links.txt
writing top-level names to ur_robot_driver.egg-info/top_level.txt
writing manifest file 'ur_robot_driver.egg-info/SOURCES.txt'
reading manifest file 'ur_robot_driver.egg-info/SOURCES.txt'
writing manifest file 'ur_robot_driver.egg-info/SOURCES.txt'
[ 72%] Built target ament_cmake_python_build_ur_robot_driver_egg
[01m[K/home/russell/ROS2_REPAS/src/Universal_Robots_ROS2_Driver/ur_robot_driver/src/robot_state_helper.cpp:[m[K In constructor â€˜[01m[Kur_robot_driver::RobotStateHelper::[01;32m[KRobotStateHelper[m[K(const rclcpp::Node::SharedPtr&)[m[Kâ€™:
[01m[K/home/russell/ROS2_REPAS/src/Universal_Robots_ROS2_Driver/ur_robot_driver/src/robot_state_helper.cpp:77:41:[m[K [01;31m[Kerror: [m[Kâ€˜[01m[Kusing std::__shared_ptr_access<urcl::primary_interface::PrimaryClient, __gnu_cxx::_S_atomic, false, false>::element_type = class urcl::primary_interface::PrimaryClient[m[Kâ€™ {aka â€˜[01m[Kclass urcl::primary_interface::PrimaryClient[m[Kâ€™} has no member named â€˜[01m[KgetRobotVersion[m[Kâ€™
   77 |   auto robot_version = primary_client_->[01;31m[KgetRobotVersion[m[K();
      |                                         [01;31m[K^~~~~~~~~~~~~~~[m[K
[01m[K/home/russell/ROS2_REPAS/src/Universal_Robots_ROS2_Driver/ur_robot_driver/src/robot_state_helper.cpp:[m[K In member function â€˜[01m[Kbool ur_robot_driver::RobotStateHelper::[01;32m[KrecoverFromSafety[m[K()[m[Kâ€™:
[01m[K/home/russell/ROS2_REPAS/src/Universal_Robots_ROS2_Driver/ur_robot_driver/src/robot_state_helper.cpp:141:26:[m[K [01;31m[Kerror: [m[Kâ€˜[01m[Kusing std::__shared_ptr_access<urcl::primary_interface::PrimaryClient, __gnu_cxx::_S_atomic, false, false>::element_type = class urcl::primary_interface::PrimaryClient[m[Kâ€™ {aka â€˜[01m[Kclass urcl::primary_interface::PrimaryClient[m[Kâ€™} has no member named â€˜[01m[KcommandUnlockProtectiveStop[m[Kâ€™
  141 |         primary_client_->[01;31m[KcommandUnlockProtectiveStop[m[K();
      |                          [01;31m[K^~~~~~~~~~~~~~~~~~~~~~~~~~~[m[K
[01m[K/home/russell/ROS2_REPAS/src/Universal_Robots_ROS2_Driver/ur_robot_driver/src/robot_state_helper.cpp:[m[K In member function â€˜[01m[Kbool ur_robot_driver::RobotStateHelper::[01;32m[KjumpToRobotMode[m[K(urcl::RobotMode)[m[Kâ€™:
[01m[K/home/russell/ROS2_REPAS/src/Universal_Robots_ROS2_Driver/ur_robot_driver/src/robot_state_helper.cpp:172:26:[m[K [01;31m[Kerror: [m[Kâ€˜[01m[Kusing std::__shared_ptr_access<urcl::primary_interface::PrimaryClient, __gnu_cxx::_S_atomic, false, false>::element_type = class urcl::primary_interface::PrimaryClient[m[Kâ€™ {aka â€˜[01m[Kclass urcl::primary_interface::PrimaryClient[m[Kâ€™} has no member named â€˜[01m[KcommandPowerOff[m[Kâ€™
  172 |         primary_client_->[01;31m[KcommandPowerOff[m[K();
      |                          [01;31m[K^~~~~~~~~~~~~~~[m[K
[01m[K/home/russell/ROS2_REPAS/src/Universal_Robots_ROS2_Driver/ur_robot_driver/src/robot_state_helper.cpp:175:26:[m[K [01;31m[Kerror: [m[Kâ€˜[01m[Kusing std::__shared_ptr_access<urcl::primary_interface::PrimaryClient, __gnu_cxx::_S_atomic, false, false>::element_type = class urcl::primary_interface::PrimaryClient[m[Kâ€™ {aka â€˜[01m[Kclass urcl::primary_interface::PrimaryClient[m[Kâ€™} has no member named â€˜[01m[KcommandPowerOn[m[Kâ€™
  175 |         primary_client_->[01;31m[KcommandPowerOn[m[K();
      |                          [01;31m[K^~~~~~~~~~~~~~[m[K
[01m[K/home/russell/ROS2_REPAS/src/Universal_Robots_ROS2_Driver/ur_robot_driver/src/robot_state_helper.cpp:178:26:[m[K [01;31m[Kerror: [m[Kâ€˜[01m[Kusing std::__shared_ptr_access<urcl::primary_interface::PrimaryClient, __gnu_cxx::_S_atomic, false, false>::element_type = class urcl::primary_interface::PrimaryClient[m[Kâ€™ {aka â€˜[01m[Kclass urcl::primary_interface::PrimaryClient[m[Kâ€™} has no member named â€˜[01m[KcommandBrakeRelease[m[Kâ€™
  178 |         primary_client_->[01;31m[KcommandBrakeRelease[m[K();
      |                          [01;31m[K^~~~~~~~~~~~~~~~~~~[m[K
[01m[K/home/russell/ROS2_REPAS/src/Universal_Robots_ROS2_Driver/ur_robot_driver/src/robot_state_helper.cpp:[m[K In member function â€˜[01m[Kbool ur_robot_driver::RobotStateHelper::[01;32m[KstopProgram[m[K()[m[Kâ€™:
[01m[K/home/russell/ROS2_REPAS/src/Universal_Robots_ROS2_Driver/ur_robot_driver/src/robot_state_helper.cpp:269:22:[m[K [01;31m[Kerror: [m[Kâ€˜[01m[Kusing std::__shared_ptr_access<urcl::primary_interface::PrimaryClient, __gnu_cxx::_S_atomic, false, false>::element_type = class urcl::primary_interface::PrimaryClient[m[Kâ€™ {aka â€˜[01m[Kclass urcl::primary_interface::PrimaryClient[m[Kâ€™} has no member named â€˜[01m[KcommandStop[m[Kâ€™
  269 |     primary_client_->[01;31m[KcommandStop[m[K();
      |                      [01;31m[K^~~~~~~~~~~[m[K
[01m[K/home/russell/ROS2_REPAS/src/Universal_Robots_ROS2_Driver/ur_robot_driver/src/dashboard_client_ros.cpp:[m[K In constructor â€˜[01m[Kur_robot_driver::DashboardClientROS::[01;32m[KDashboardClientROS[m[K(const rclcpp::Node::SharedPtr&, const std::string&)[m[Kâ€™:
[01m[K/home/russell/ROS2_REPAS/src/Universal_Robots_ROS2_Driver/ur_robot_driver/src/dashboard_client_ros.cpp:55:40:[m[K [01;31m[Kerror: [m[Kâ€˜[01m[Kclass urcl::primary_interface::PrimaryClient[m[Kâ€™ has no member named â€˜[01m[KgetRobotVersion[m[Kâ€™
   55 |   auto robot_version = primary_client_.[01;31m[KgetRobotVersion[m[K();
      |                                        [01;31m[K^~~~~~~~~~~~~~~[m[K
[01m[K/home/russell/ROS2_REPAS/src/Universal_Robots_ROS2_Driver/ur_robot_driver/src/robot_state_helper.cpp:[m[K In constructor â€˜[01m[Kur_robot_driver::RobotStateHelper::[01;32m[KRobotStateHelper[m[K(const rclcpp::Node::SharedPtr&)[m[Kâ€™:
[01m[K/home/russell/ROS2_REPAS/src/Universal_Robots_ROS2_Driver/ur_robot_driver/src/robot_state_helper.cpp:77:41:[m[K [01;31m[Kerror: [m[Kâ€˜[01m[Kusing std::__shared_ptr_access<urcl::primary_interface::PrimaryClient, __gnu_cxx::_S_atomic, false, false>::element_type = class urcl::primary_interface::PrimaryClient[m[Kâ€™ {aka â€˜[01m[Kclass urcl::primary_interface::PrimaryClient[m[Kâ€™} has no member named â€˜[01m[KgetRobotVersion[m[Kâ€™
   77 |   auto robot_version = primary_client_->[01;31m[KgetRobotVersion[m[K();
      |                                         [01;31m[K^~~~~~~~~~~~~~~[m[K
[01m[K/home/russell/ROS2_REPAS/src/Universal_Robots_ROS2_Driver/ur_robot_driver/src/robot_state_helper.cpp:[m[K In member function â€˜[01m[Kbool ur_robot_driver::RobotStateHelper::[01;32m[KrecoverFromSafety[m[K()[m[Kâ€™:
[01m[K/home/russell/ROS2_REPAS/src/Universal_Robots_ROS2_Driver/ur_robot_driver/src/robot_state_helper.cpp:141:26:[m[K [01;31m[Kerror: [m[Kâ€˜[01m[Kusing std::__shared_ptr_access<urcl::primary_interface::PrimaryClient, __gnu_cxx::_S_atomic, false, false>::element_type = class urcl::primary_interface::PrimaryClient[m[Kâ€™ {aka â€˜[01m[Kclass urcl::primary_interface::PrimaryClient[m[Kâ€™} has no member named â€˜[01m[KcommandUnlockProtectiveStop[m[Kâ€™
  141 |         primary_client_->[01;31m[KcommandUnlockProtectiveStop[m[K();
      |                          [01;31m[K^~~~~~~~~~~~~~~~~~~~~~~~~~~[m[K
[01m[K/home/russell/ROS2_REPAS/src/Universal_Robots_ROS2_Driver/ur_robot_driver/src/robot_state_helper.cpp:[m[K In member function â€˜[01m[Kbool ur_robot_driver::RobotStateHelper::[01;32m[KjumpToRobotMode[m[K(urcl::RobotMode)[m[Kâ€™:
[01m[K/home/russell/ROS2_REPAS/src/Universal_Robots_ROS2_Driver/ur_robot_driver/src/robot_state_helper.cpp:172:26:[m[K [01;31m[Kerror: [m[Kâ€˜[01m[Kusing std::__shared_ptr_access<urcl::primary_interface::PrimaryClient, __gnu_cxx::_S_atomic, false, false>::element_type = class urcl::primary_interface::PrimaryClient[m[Kâ€™ {aka â€˜[01m[Kclass urcl::primary_interface::PrimaryClient[m[Kâ€™} has no member named â€˜[01m[KcommandPowerOff[m[Kâ€™
  172 |         primary_client_->[01;31m[KcommandPowerOff[m[K();
      |                          [01;31m[K^~~~~~~~~~~~~~~[m[K
[01m[K/home/russell/ROS2_REPAS/src/Universal_Robots_ROS2_Driver/ur_robot_driver/src/robot_state_helper.cpp:175:26:[m[K [01;31m[Kerror: [m[Kâ€˜[01m[Kusing std::__shared_ptr_access<urcl::primary_interface::PrimaryClient, __gnu_cxx::_S_atomic, false, false>::element_type = class urcl::primary_interface::PrimaryClient[m[Kâ€™ {aka â€˜[01m[Kclass urcl::primary_interface::PrimaryClient[m[Kâ€™} has no member named â€˜[01m[KcommandPowerOn[m[Kâ€™
  175 |         primary_client_->[01;31m[KcommandPowerOn[m[K();
      |                          [01;31m[K^~~~~~~~~~~~~~[m[K
[01m[K/home/russell/ROS2_REPAS/src/Universal_Robots_ROS2_Driver/ur_robot_driver/src/robot_state_helper.cpp:178:26:[m[K [01;31m[Kerror: [m[Kâ€˜[01m[Kusing std::__shared_ptr_access<urcl::primary_interface::PrimaryClient, __gnu_cxx::_S_atomic, false, false>::element_type = class urcl::primary_interface::PrimaryClient[m[Kâ€™ {aka â€˜[01m[Kclass urcl::primary_interface::PrimaryClient[m[Kâ€™} has no member named â€˜[01m[KcommandBrakeRelease[m[Kâ€™
  178 |         primary_client_->[01;31m[KcommandBrakeRelease[m[K();
      |                          [01;31m[K^~~~~~~~~~~~~~~~~~~[m[K
[01m[K/home/russell/ROS2_REPAS/src/Universal_Robots_ROS2_Driver/ur_robot_driver/src/robot_state_helper.cpp:[m[K In member function â€˜[01m[Kbool ur_robot_driver::RobotStateHelper::[01;32m[KstopProgram[m[K()[m[Kâ€™:
[01m[K/home/russell/ROS2_REPAS/src/Universal_Robots_ROS2_Driver/ur_robot_driver/src/robot_state_helper.cpp:269:22:[m[K [01;31m[Kerror: [m[Kâ€˜[01m[Kusing std::__shared_ptr_access<urcl::primary_interface::PrimaryClient, __gnu_cxx::_S_atomic, false, false>::element_type = class urcl::primary_interface::PrimaryClient[m[Kâ€™ {aka â€˜[01m[Kclass urcl::primary_interface::PrimaryClient[m[Kâ€™} has no member named â€˜[01m[KcommandStop[m[Kâ€™
  269 |     primary_client_->[01;31m[KcommandStop[m[K();
      |                      [01;31m[K^~~~~~~~~~~[m[K
[01m[K/home/russell/ROS2_REPAS/src/Universal_Robots_ROS2_Driver/ur_robot_driver/src/dashboard_client_ros.cpp:[m[K In constructor â€˜[01m[Kur_robot_driver::DashboardClientROS::[01;32m[KDashboardClientROS[m[K(const rclcpp::Node::SharedPtr&, const std::string&)[m[Kâ€™:
[01m[K/home/russell/ROS2_REPAS/src/Universal_Robots_ROS2_Driver/ur_robot_driver/src/dashboard_client_ros.cpp:55:40:[m[K [01;31m[Kerror: [m[Kâ€˜[01m[Kclass urcl::primary_interface::PrimaryClient[m[Kâ€™ has no member named â€˜[01m[KgetRobotVersion[m[Kâ€™
   55 |   auto robot_version = primary_client_.[01;31m[KgetRobotVersion[m[K();
      |                                        [01;31m[K^~~~~~~~~~~~~~~[m[K
gmake[2]: *** [CMakeFiles/dashboard_client.dir/build.make:76: CMakeFiles/dashboard_client.dir/src/dashboard_client_ros.cpp.o] Error 1
gmake[2]: *** Waiting for unfinished jobs....
gmake[1]: *** [CMakeFiles/Makefile2:174: CMakeFiles/dashboard_client.dir/all] Error 2
gmake[1]: *** Waiting for unfinished jobs....
gmake[2]: *** [CMakeFiles/ur_robot_driver_plugin.dir/build.make:118: CMakeFiles/ur_robot_driver_plugin.dir/src/robot_state_helper.cpp.o] Error 1
gmake[2]: *** Waiting for unfinished jobs....
gmake[2]: *** [CMakeFiles/ur_robot_driver_plugin.dir/build.make:76: CMakeFiles/ur_robot_driver_plugin.dir/src/dashboard_client_ros.cpp.o] Error 1
gmake[2]: *** [CMakeFiles/robot_state_helper.dir/build.make:76: CMakeFiles/robot_state_helper.dir/src/robot_state_helper.cpp.o] Error 1
gmake[1]: *** [CMakeFiles/Makefile2:226: CMakeFiles/robot_state_helper.dir/all] Error 2
[ 77%] [32m[1mLinking CXX executable urscript_interface[0m
[ 77%] Built target urscript_interface
gmake[1]: *** [CMakeFiles/Makefile2:148: CMakeFiles/ur_robot_driver_plugin.dir/all] Error 2
[ 83%] [32m[1mLinking CXX executable controller_stopper_node[0m
[ 83%] Built target controller_stopper_node
gmake: *** [Makefile:146: all] Error 2
