[0.011s] Invoking command in '/home/russell/ROS2_REPAS/build/ur_robot_driver': CMAKE_PREFIX_PATH=/home/russell/ROS2_REPAS/install/ur_description:/home/russell/ROS2_REPAS/install/ur_simulation_gz:/home/russell/ROS2_REPAS/install/ur_moveit_config:/home/russell/ROS2_REPAS/install/ur_dashboard_msgs:/home/russell/ROS2_REPAS/install/my_ur5e_moveit2_control:/opt/ros/jazzy/opt/gz_sim_vendor:/opt/ros/jazzy/opt/gz_sensors_vendor:/opt/ros/jazzy/opt/gz_physics_vendor:/opt/ros/jazzy/opt/sdformat_vendor:/opt/ros/jazzy/opt/gz_gui_vendor:/opt/ros/jazzy/opt/gz_transport_vendor:/opt/ros/jazzy/opt/gz_rendering_vendor:/opt/ros/jazzy/opt/gz_plugin_vendor:/opt/ros/jazzy/opt/gz_fuel_tools_vendor:/opt/ros/jazzy/opt/gz_msgs_vendor:/opt/ros/jazzy/opt/gz_common_vendor:/opt/ros/jazzy/opt/gz_math_vendor:/opt/ros/jazzy/opt/gz_utils_vendor:/opt/ros/jazzy/opt/gz_tools_vendor:/opt/ros/jazzy/opt/gz_ogre_next_vendor:/opt/ros/jazzy/opt/gz_dartsim_vendor:/opt/ros/jazzy/opt/gz_cmake_vendor:/opt/ros/jazzy DEBUGINFOD_URLS=https://debuginfod.ubuntu.com /usr/bin/cmake /home/russell/ROS2_REPAS/src/Universal_Robots_ROS2_Driver/ur_robot_driver -DCMAKE_INSTALL_PREFIX=/home/russell/ROS2_REPAS/install/ur_robot_driver
[0.069s] -- The C compiler identification is GNU 13.3.0
[0.126s] -- The CXX compiler identification is GNU 13.3.0
[0.149s] -- Detecting C compiler ABI info
[0.253s] -- Detecting C compiler ABI info - done
[0.262s] -- Check for working C compiler: /usr/bin/cc - skipped
[0.263s] -- Detecting C compile features
[0.263s] -- Detecting C compile features - done
[0.274s] -- Detecting CXX compiler ABI info
[0.391s] -- Detecting CXX compiler ABI info - done
[0.401s] -- Check for working CXX compiler: /usr/bin/c++ - skipped
[0.401s] -- Detecting CXX compile features
[0.402s] -- Detecting CXX compile features - done
[0.402s] [0mur_robot_driver: You did not request a specific build type: selecting 'RelWithDebInfo'.[0m
[0.407s] -- Found ament_cmake: 2.5.3 (/opt/ros/jazzy/share/ament_cmake/cmake)
[0.572s] -- Found Python3: /usr/bin/python3 (found version "3.12.3") found components: Interpreter 
[0.740s] -- Found controller_manager: 4.27.0 (/opt/ros/jazzy/share/controller_manager/cmake)
[0.819s] -- Found rosidl_generator_c: 4.6.5 (/opt/ros/jazzy/share/rosidl_generator_c/cmake)
[0.839s] -- Found rosidl_generator_cpp: 4.6.5 (/opt/ros/jazzy/share/rosidl_generator_cpp/cmake)
[0.862s] -- Using all available rosidl_typesupport_c: rosidl_typesupport_fastrtps_c;rosidl_typesupport_introspection_c
[0.886s] -- Using all available rosidl_typesupport_cpp: rosidl_typesupport_fastrtps_cpp;rosidl_typesupport_introspection_cpp
[0.984s] -- Found rmw_implementation_cmake: 7.3.1 (/opt/ros/jazzy/share/rmw_implementation_cmake/cmake)
[0.990s] -- Found rmw_fastrtps_cpp: 8.4.1 (/opt/ros/jazzy/share/rmw_fastrtps_cpp/cmake)
[1.104s] -- Found OpenSSL: /usr/lib/x86_64-linux-gnu/libcrypto.so (found version "3.0.13")  
[1.126s] -- Found FastRTPS: /opt/ros/jazzy/include (Required is at least version "2.13") 
[1.149s] -- Using RMW implementation 'rmw_fastrtps_cpp' as default
[1.819s] -- Found std_srvs: 5.3.5 (/opt/ros/jazzy/share/std_srvs/cmake)
[1.839s] -- Found tf2_geometry_msgs: 0.36.8 (/opt/ros/jazzy/share/tf2_geometry_msgs/cmake)
[1.855s] -- Found eigen3_cmake_module: 0.3.0 (/opt/ros/jazzy/share/eigen3_cmake_module/cmake)
[1.856s] -- Found Eigen3: TRUE (found version "3.4.0") 
[1.856s] -- Ensuring Eigen3 include directory is part of orocos-kdl CMake target
[1.987s] -- Found ur_dashboard_msgs: 3.1.0 (/opt/ros/jazzy/share/ur_dashboard_msgs/cmake)
[2.031s] -- Found ur_msgs: 2.1.0 (/opt/ros/jazzy/share/ur_msgs/cmake)
[2.264s] -- Found ur_controllers: 3.1.0 (/opt/ros/jazzy/share/ur_controllers/cmake)
[2.394s] -- Found ur_description: 3.1.0 (/home/russell/ROS2_REPAS/install/ur_description/share/ur_description/cmake)
[2.399s] -- Found launch_testing_ament_cmake: 3.4.3 (/opt/ros/jazzy/share/launch_testing_ament_cmake/cmake)
[2.403s] -- Found python_cmake_module: 0.11.1 (/opt/ros/jazzy/share/python_cmake_module/cmake)
[2.540s] -- Found PythonExtra: /usr/bin/python3  
[2.541s] -- Configuring done (2.5s)
[2.630s] -- Generating done (0.1s)
[2.646s] -- Build files have been written to: /home/russell/ROS2_REPAS/build/ur_robot_driver
[2.663s] Invoked command in '/home/russell/ROS2_REPAS/build/ur_robot_driver' returned '0': CMAKE_PREFIX_PATH=/home/russell/ROS2_REPAS/install/ur_description:/home/russell/ROS2_REPAS/install/ur_simulation_gz:/home/russell/ROS2_REPAS/install/ur_moveit_config:/home/russell/ROS2_REPAS/install/ur_dashboard_msgs:/home/russell/ROS2_REPAS/install/my_ur5e_moveit2_control:/opt/ros/jazzy/opt/gz_sim_vendor:/opt/ros/jazzy/opt/gz_sensors_vendor:/opt/ros/jazzy/opt/gz_physics_vendor:/opt/ros/jazzy/opt/sdformat_vendor:/opt/ros/jazzy/opt/gz_gui_vendor:/opt/ros/jazzy/opt/gz_transport_vendor:/opt/ros/jazzy/opt/gz_rendering_vendor:/opt/ros/jazzy/opt/gz_plugin_vendor:/opt/ros/jazzy/opt/gz_fuel_tools_vendor:/opt/ros/jazzy/opt/gz_msgs_vendor:/opt/ros/jazzy/opt/gz_common_vendor:/opt/ros/jazzy/opt/gz_math_vendor:/opt/ros/jazzy/opt/gz_utils_vendor:/opt/ros/jazzy/opt/gz_tools_vendor:/opt/ros/jazzy/opt/gz_ogre_next_vendor:/opt/ros/jazzy/opt/gz_dartsim_vendor:/opt/ros/jazzy/opt/gz_cmake_vendor:/opt/ros/jazzy DEBUGINFOD_URLS=https://debuginfod.ubuntu.com /usr/bin/cmake /home/russell/ROS2_REPAS/src/Universal_Robots_ROS2_Driver/ur_robot_driver -DCMAKE_INSTALL_PREFIX=/home/russell/ROS2_REPAS/install/ur_robot_driver
[2.664s] Invoking command in '/home/russell/ROS2_REPAS/build/ur_robot_driver': CMAKE_PREFIX_PATH=/home/russell/ROS2_REPAS/install/ur_description:/home/russell/ROS2_REPAS/install/ur_simulation_gz:/home/russell/ROS2_REPAS/install/ur_moveit_config:/home/russell/ROS2_REPAS/install/ur_dashboard_msgs:/home/russell/ROS2_REPAS/install/my_ur5e_moveit2_control:/opt/ros/jazzy/opt/gz_sim_vendor:/opt/ros/jazzy/opt/gz_sensors_vendor:/opt/ros/jazzy/opt/gz_physics_vendor:/opt/ros/jazzy/opt/sdformat_vendor:/opt/ros/jazzy/opt/gz_gui_vendor:/opt/ros/jazzy/opt/gz_transport_vendor:/opt/ros/jazzy/opt/gz_rendering_vendor:/opt/ros/jazzy/opt/gz_plugin_vendor:/opt/ros/jazzy/opt/gz_fuel_tools_vendor:/opt/ros/jazzy/opt/gz_msgs_vendor:/opt/ros/jazzy/opt/gz_common_vendor:/opt/ros/jazzy/opt/gz_math_vendor:/opt/ros/jazzy/opt/gz_utils_vendor:/opt/ros/jazzy/opt/gz_tools_vendor:/opt/ros/jazzy/opt/gz_ogre_next_vendor:/opt/ros/jazzy/opt/gz_dartsim_vendor:/opt/ros/jazzy/opt/gz_cmake_vendor:/opt/ros/jazzy DEBUGINFOD_URLS=https://debuginfod.ubuntu.com /usr/bin/cmake --build /home/russell/ROS2_REPAS/build/ur_robot_driver -- -j24 -l24
[2.739s] [ 38%] [32mBuilding CXX object CMakeFiles/ur_robot_driver_plugin.dir/src/dashboard_client_ros.cpp.o[0m
[2.739s] [ 38%] [32mBuilding CXX object CMakeFiles/ur_robot_driver_plugin.dir/src/urcl_log_handler.cpp.o[0m
[2.739s] [ 38%] [32mBuilding CXX object CMakeFiles/ur_robot_driver_plugin.dir/src/robot_state_helper.cpp.o[0m
[2.739s] [ 38%] [32mBuilding CXX object CMakeFiles/robot_state_helper.dir/src/robot_state_helper_node.cpp.o[0m
[2.739s] [ 38%] [32mBuilding CXX object CMakeFiles/robot_state_helper.dir/src/robot_state_helper.cpp.o[0m
[2.739s] [ 38%] [32mBuilding CXX object CMakeFiles/ur_robot_driver_plugin.dir/src/hardware_interface.cpp.o[0m
[2.739s] [ 38%] [32mBuilding CXX object CMakeFiles/robot_state_helper.dir/src/urcl_log_handler.cpp.o[0m
[2.739s] [ 44%] [32mBuilding CXX object CMakeFiles/controller_stopper_node.dir/src/controller_stopper.cpp.o[0m
[2.739s] [ 50%] [32mBuilding CXX object CMakeFiles/urscript_interface.dir/src/urscript_interface.cpp.o[0m
[2.740s] [ 55%] [32mBuilding CXX object CMakeFiles/controller_stopper_node.dir/src/controller_stopper_node.cpp.o[0m
[2.740s] [ 61%] [32mBuilding CXX object CMakeFiles/dashboard_client.dir/src/dashboard_client_ros.cpp.o[0m
[2.742s] [ 72%] [32mBuilding CXX object CMakeFiles/dashboard_client.dir/src/urcl_log_handler.cpp.o[0m
[2.742s] [ 72%] [32mBuilding CXX object CMakeFiles/dashboard_client.dir/src/dashboard_client_node.cpp.o[0m
[2.752s] [ 72%] Built target ament_cmake_python_copy_ur_robot_driver
[2.965s] running egg_info
[2.965s] creating ur_robot_driver.egg-info
[2.987s] writing ur_robot_driver.egg-info/PKG-INFO
[2.987s] writing dependency_links to ur_robot_driver.egg-info/dependency_links.txt
[2.987s] writing top-level names to ur_robot_driver.egg-info/top_level.txt
[2.987s] writing manifest file 'ur_robot_driver.egg-info/SOURCES.txt'
[3.051s] reading manifest file 'ur_robot_driver.egg-info/SOURCES.txt'
[3.052s] writing manifest file 'ur_robot_driver.egg-info/SOURCES.txt'
[3.085s] [ 72%] Built target ament_cmake_python_build_ur_robot_driver_egg
[5.887s] [01m[K/home/russell/ROS2_REPAS/src/Universal_Robots_ROS2_Driver/ur_robot_driver/src/robot_state_helper.cpp:[m[K In constructor â€˜[01m[Kur_robot_driver::RobotStateHelper::[01;32m[KRobotStateHelper[m[K(const rclcpp::Node::SharedPtr&)[m[Kâ€™:
[5.887s] [01m[K/home/russell/ROS2_REPAS/src/Universal_Robots_ROS2_Driver/ur_robot_driver/src/robot_state_helper.cpp:77:41:[m[K [01;31m[Kerror: [m[Kâ€˜[01m[Kusing std::__shared_ptr_access<urcl::primary_interface::PrimaryClient, __gnu_cxx::_S_atomic, false, false>::element_type = class urcl::primary_interface::PrimaryClient[m[Kâ€™ {aka â€˜[01m[Kclass urcl::primary_interface::PrimaryClient[m[Kâ€™} has no member named â€˜[01m[KgetRobotVersion[m[Kâ€™
[5.888s]    77 |   auto robot_version = primary_client_->[01;31m[KgetRobotVersion[m[K();
[5.888s]       |                                         [01;31m[K^~~~~~~~~~~~~~~[m[K
[5.911s] [01m[K/home/russell/ROS2_REPAS/src/Universal_Robots_ROS2_Driver/ur_robot_driver/src/robot_state_helper.cpp:[m[K In member function â€˜[01m[Kbool ur_robot_driver::RobotStateHelper::[01;32m[KrecoverFromSafety[m[K()[m[Kâ€™:
[5.911s] [01m[K/home/russell/ROS2_REPAS/src/Universal_Robots_ROS2_Driver/ur_robot_driver/src/robot_state_helper.cpp:141:26:[m[K [01;31m[Kerror: [m[Kâ€˜[01m[Kusing std::__shared_ptr_access<urcl::primary_interface::PrimaryClient, __gnu_cxx::_S_atomic, false, false>::element_type = class urcl::primary_interface::PrimaryClient[m[Kâ€™ {aka â€˜[01m[Kclass urcl::primary_interface::PrimaryClient[m[Kâ€™} has no member named â€˜[01m[KcommandUnlockProtectiveStop[m[Kâ€™
[5.911s]   141 |         primary_client_->[01;31m[KcommandUnlockProtectiveStop[m[K();
[5.912s]       |                          [01;31m[K^~~~~~~~~~~~~~~~~~~~~~~~~~~[m[K
[5.914s] [01m[K/home/russell/ROS2_REPAS/src/Universal_Robots_ROS2_Driver/ur_robot_driver/src/robot_state_helper.cpp:[m[K In member function â€˜[01m[Kbool ur_robot_driver::RobotStateHelper::[01;32m[KjumpToRobotMode[m[K(urcl::RobotMode)[m[Kâ€™:
[5.914s] [01m[K/home/russell/ROS2_REPAS/src/Universal_Robots_ROS2_Driver/ur_robot_driver/src/robot_state_helper.cpp:172:26:[m[K [01;31m[Kerror: [m[Kâ€˜[01m[Kusing std::__shared_ptr_access<urcl::primary_interface::PrimaryClient, __gnu_cxx::_S_atomic, false, false>::element_type = class urcl::primary_interface::PrimaryClient[m[Kâ€™ {aka â€˜[01m[Kclass urcl::primary_interface::PrimaryClient[m[Kâ€™} has no member named â€˜[01m[KcommandPowerOff[m[Kâ€™
[5.914s]   172 |         primary_client_->[01;31m[KcommandPowerOff[m[K();
[5.914s]       |                          [01;31m[K^~~~~~~~~~~~~~~[m[K
[5.915s] [01m[K/home/russell/ROS2_REPAS/src/Universal_Robots_ROS2_Driver/ur_robot_driver/src/robot_state_helper.cpp:175:26:[m[K [01;31m[Kerror: [m[Kâ€˜[01m[Kusing std::__shared_ptr_access<urcl::primary_interface::PrimaryClient, __gnu_cxx::_S_atomic, false, false>::element_type = class urcl::primary_interface::PrimaryClient[m[Kâ€™ {aka â€˜[01m[Kclass urcl::primary_interface::PrimaryClient[m[Kâ€™} has no member named â€˜[01m[KcommandPowerOn[m[Kâ€™
[5.915s]   175 |         primary_client_->[01;31m[KcommandPowerOn[m[K();
[5.915s]       |                          [01;31m[K^~~~~~~~~~~~~~[m[K
[5.915s] [01m[K/home/russell/ROS2_REPAS/src/Universal_Robots_ROS2_Driver/ur_robot_driver/src/robot_state_helper.cpp:178:26:[m[K [01;31m[Kerror: [m[Kâ€˜[01m[Kusing std::__shared_ptr_access<urcl::primary_interface::PrimaryClient, __gnu_cxx::_S_atomic, false, false>::element_type = class urcl::primary_interface::PrimaryClient[m[Kâ€™ {aka â€˜[01m[Kclass urcl::primary_interface::PrimaryClient[m[Kâ€™} has no member named â€˜[01m[KcommandBrakeRelease[m[Kâ€™
[5.915s]   178 |         primary_client_->[01;31m[KcommandBrakeRelease[m[K();
[5.915s]       |                          [01;31m[K^~~~~~~~~~~~~~~~~~~[m[K
[5.926s] [01m[K/home/russell/ROS2_REPAS/src/Universal_Robots_ROS2_Driver/ur_robot_driver/src/robot_state_helper.cpp:[m[K In member function â€˜[01m[Kbool ur_robot_driver::RobotStateHelper::[01;32m[KstopProgram[m[K()[m[Kâ€™:
[5.926s] [01m[K/home/russell/ROS2_REPAS/src/Universal_Robots_ROS2_Driver/ur_robot_driver/src/robot_state_helper.cpp:269:22:[m[K [01;31m[Kerror: [m[Kâ€˜[01m[Kusing std::__shared_ptr_access<urcl::primary_interface::PrimaryClient, __gnu_cxx::_S_atomic, false, false>::element_type = class urcl::primary_interface::PrimaryClient[m[Kâ€™ {aka â€˜[01m[Kclass urcl::primary_interface::PrimaryClient[m[Kâ€™} has no member named â€˜[01m[KcommandStop[m[Kâ€™
[5.926s]   269 |     primary_client_->[01;31m[KcommandStop[m[K();
[5.926s]       |                      [01;31m[K^~~~~~~~~~~[m[K
[5.996s] [01m[K/home/russell/ROS2_REPAS/src/Universal_Robots_ROS2_Driver/ur_robot_driver/src/dashboard_client_ros.cpp:[m[K In constructor â€˜[01m[Kur_robot_driver::DashboardClientROS::[01;32m[KDashboardClientROS[m[K(const rclcpp::Node::SharedPtr&, const std::string&)[m[Kâ€™:
[5.996s] [01m[K/home/russell/ROS2_REPAS/src/Universal_Robots_ROS2_Driver/ur_robot_driver/src/dashboard_client_ros.cpp:55:40:[m[K [01;31m[Kerror: [m[Kâ€˜[01m[Kclass urcl::primary_interface::PrimaryClient[m[Kâ€™ has no member named â€˜[01m[KgetRobotVersion[m[Kâ€™
[5.996s]    55 |   auto robot_version = primary_client_.[01;31m[KgetRobotVersion[m[K();
[5.996s]       |                                        [01;31m[K^~~~~~~~~~~~~~~[m[K
[6.748s] [01m[K/home/russell/ROS2_REPAS/src/Universal_Robots_ROS2_Driver/ur_robot_driver/src/robot_state_helper.cpp:[m[K In constructor â€˜[01m[Kur_robot_driver::RobotStateHelper::[01;32m[KRobotStateHelper[m[K(const rclcpp::Node::SharedPtr&)[m[Kâ€™:
[6.749s] [01m[K/home/russell/ROS2_REPAS/src/Universal_Robots_ROS2_Driver/ur_robot_driver/src/robot_state_helper.cpp:77:41:[m[K [01;31m[Kerror: [m[Kâ€˜[01m[Kusing std::__shared_ptr_access<urcl::primary_interface::PrimaryClient, __gnu_cxx::_S_atomic, false, false>::element_type = class urcl::primary_interface::PrimaryClient[m[Kâ€™ {aka â€˜[01m[Kclass urcl::primary_interface::PrimaryClient[m[Kâ€™} has no member named â€˜[01m[KgetRobotVersion[m[Kâ€™
[6.749s]    77 |   auto robot_version = primary_client_->[01;31m[KgetRobotVersion[m[K();
[6.749s]       |                                         [01;31m[K^~~~~~~~~~~~~~~[m[K
[6.782s] [01m[K/home/russell/ROS2_REPAS/src/Universal_Robots_ROS2_Driver/ur_robot_driver/src/robot_state_helper.cpp:[m[K In member function â€˜[01m[Kbool ur_robot_driver::RobotStateHelper::[01;32m[KrecoverFromSafety[m[K()[m[Kâ€™:
[6.782s] [01m[K/home/russell/ROS2_REPAS/src/Universal_Robots_ROS2_Driver/ur_robot_driver/src/robot_state_helper.cpp:141:26:[m[K [01;31m[Kerror: [m[Kâ€˜[01m[Kusing std::__shared_ptr_access<urcl::primary_interface::PrimaryClient, __gnu_cxx::_S_atomic, false, false>::element_type = class urcl::primary_interface::PrimaryClient[m[Kâ€™ {aka â€˜[01m[Kclass urcl::primary_interface::PrimaryClient[m[Kâ€™} has no member named â€˜[01m[KcommandUnlockProtectiveStop[m[Kâ€™
[6.783s]   141 |         primary_client_->[01;31m[KcommandUnlockProtectiveStop[m[K();
[6.783s]       |                          [01;31m[K^~~~~~~~~~~~~~~~~~~~~~~~~~~[m[K
[6.786s] [01m[K/home/russell/ROS2_REPAS/src/Universal_Robots_ROS2_Driver/ur_robot_driver/src/robot_state_helper.cpp:[m[K In member function â€˜[01m[Kbool ur_robot_driver::RobotStateHelper::[01;32m[KjumpToRobotMode[m[K(urcl::RobotMode)[m[Kâ€™:
[6.786s] [01m[K/home/russell/ROS2_REPAS/src/Universal_Robots_ROS2_Driver/ur_robot_driver/src/robot_state_helper.cpp:172:26:[m[K [01;31m[Kerror: [m[Kâ€˜[01m[Kusing std::__shared_ptr_access<urcl::primary_interface::PrimaryClient, __gnu_cxx::_S_atomic, false, false>::element_type = class urcl::primary_interface::PrimaryClient[m[Kâ€™ {aka â€˜[01m[Kclass urcl::primary_interface::PrimaryClient[m[Kâ€™} has no member named â€˜[01m[KcommandPowerOff[m[Kâ€™
[6.786s]   172 |         primary_client_->[01;31m[KcommandPowerOff[m[K();
[6.786s]       |                          [01;31m[K^~~~~~~~~~~~~~~[m[K
[6.786s] [01m[K/home/russell/ROS2_REPAS/src/Universal_Robots_ROS2_Driver/ur_robot_driver/src/robot_state_helper.cpp:175:26:[m[K [01;31m[Kerror: [m[Kâ€˜[01m[Kusing std::__shared_ptr_access<urcl::primary_interface::PrimaryClient, __gnu_cxx::_S_atomic, false, false>::element_type = class urcl::primary_interface::PrimaryClient[m[Kâ€™ {aka â€˜[01m[Kclass urcl::primary_interface::PrimaryClient[m[Kâ€™} has no member named â€˜[01m[KcommandPowerOn[m[Kâ€™
[6.787s]   175 |         primary_client_->[01;31m[KcommandPowerOn[m[K();
[6.787s]       |                          [01;31m[K^~~~~~~~~~~~~~[m[K
[6.787s] [01m[K/home/russell/ROS2_REPAS/src/Universal_Robots_ROS2_Driver/ur_robot_driver/src/robot_state_helper.cpp:178:26:[m[K [01;31m[Kerror: [m[Kâ€˜[01m[Kusing std::__shared_ptr_access<urcl::primary_interface::PrimaryClient, __gnu_cxx::_S_atomic, false, false>::element_type = class urcl::primary_interface::PrimaryClient[m[Kâ€™ {aka â€˜[01m[Kclass urcl::primary_interface::PrimaryClient[m[Kâ€™} has no member named â€˜[01m[KcommandBrakeRelease[m[Kâ€™
[6.787s]   178 |         primary_client_->[01;31m[KcommandBrakeRelease[m[K();
[6.787s]       |                          [01;31m[K^~~~~~~~~~~~~~~~~~~[m[K
[6.802s] [01m[K/home/russell/ROS2_REPAS/src/Universal_Robots_ROS2_Driver/ur_robot_driver/src/robot_state_helper.cpp:[m[K In member function â€˜[01m[Kbool ur_robot_driver::RobotStateHelper::[01;32m[KstopProgram[m[K()[m[Kâ€™:
[6.802s] [01m[K/home/russell/ROS2_REPAS/src/Universal_Robots_ROS2_Driver/ur_robot_driver/src/robot_state_helper.cpp:269:22:[m[K [01;31m[Kerror: [m[Kâ€˜[01m[Kusing std::__shared_ptr_access<urcl::primary_interface::PrimaryClient, __gnu_cxx::_S_atomic, false, false>::element_type = class urcl::primary_interface::PrimaryClient[m[Kâ€™ {aka â€˜[01m[Kclass urcl::primary_interface::PrimaryClient[m[Kâ€™} has no member named â€˜[01m[KcommandStop[m[Kâ€™
[6.802s]   269 |     primary_client_->[01;31m[KcommandStop[m[K();
[6.802s]       |                      [01;31m[K^~~~~~~~~~~[m[K
[7.000s] [01m[K/home/russell/ROS2_REPAS/src/Universal_Robots_ROS2_Driver/ur_robot_driver/src/dashboard_client_ros.cpp:[m[K In constructor â€˜[01m[Kur_robot_driver::DashboardClientROS::[01;32m[KDashboardClientROS[m[K(const rclcpp::Node::SharedPtr&, const std::string&)[m[Kâ€™:
[7.000s] [01m[K/home/russell/ROS2_REPAS/src/Universal_Robots_ROS2_Driver/ur_robot_driver/src/dashboard_client_ros.cpp:55:40:[m[K [01;31m[Kerror: [m[Kâ€˜[01m[Kclass urcl::primary_interface::PrimaryClient[m[Kâ€™ has no member named â€˜[01m[KgetRobotVersion[m[Kâ€™
[7.000s]    55 |   auto robot_version = primary_client_.[01;31m[KgetRobotVersion[m[K();
[7.000s]       |                                        [01;31m[K^~~~~~~~~~~~~~~[m[K
[8.809s] gmake[2]: *** [CMakeFiles/dashboard_client.dir/build.make:76: CMakeFiles/dashboard_client.dir/src/dashboard_client_ros.cpp.o] Error 1
[8.809s] gmake[2]: *** Waiting for unfinished jobs....
[9.565s] gmake[1]: *** [CMakeFiles/Makefile2:174: CMakeFiles/dashboard_client.dir/all] Error 2
[9.566s] gmake[1]: *** Waiting for unfinished jobs....
[9.730s] gmake[2]: *** [CMakeFiles/ur_robot_driver_plugin.dir/build.make:118: CMakeFiles/ur_robot_driver_plugin.dir/src/robot_state_helper.cpp.o] Error 1
[9.730s] gmake[2]: *** Waiting for unfinished jobs....
[9.954s] gmake[2]: *** [CMakeFiles/ur_robot_driver_plugin.dir/build.make:76: CMakeFiles/ur_robot_driver_plugin.dir/src/dashboard_client_ros.cpp.o] Error 1
[10.710s] gmake[2]: *** [CMakeFiles/robot_state_helper.dir/build.make:76: CMakeFiles/robot_state_helper.dir/src/robot_state_helper.cpp.o] Error 1
[10.710s] gmake[1]: *** [CMakeFiles/Makefile2:226: CMakeFiles/robot_state_helper.dir/all] Error 2
[16.942s] [ 77%] [32m[1mLinking CXX executable urscript_interface[0m
[17.733s] [ 77%] Built target urscript_interface
[17.987s] gmake[1]: *** [CMakeFiles/Makefile2:148: CMakeFiles/ur_robot_driver_plugin.dir/all] Error 2
[18.622s] [ 83%] [32m[1mLinking CXX executable controller_stopper_node[0m
[18.990s] [ 83%] Built target controller_stopper_node
[18.992s] gmake: *** [Makefile:146: all] Error 2
[18.996s] Invoked command in '/home/russell/ROS2_REPAS/build/ur_robot_driver' returned '2': CMAKE_PREFIX_PATH=/home/russell/ROS2_REPAS/install/ur_description:/home/russell/ROS2_REPAS/install/ur_simulation_gz:/home/russell/ROS2_REPAS/install/ur_moveit_config:/home/russell/ROS2_REPAS/install/ur_dashboard_msgs:/home/russell/ROS2_REPAS/install/my_ur5e_moveit2_control:/opt/ros/jazzy/opt/gz_sim_vendor:/opt/ros/jazzy/opt/gz_sensors_vendor:/opt/ros/jazzy/opt/gz_physics_vendor:/opt/ros/jazzy/opt/sdformat_vendor:/opt/ros/jazzy/opt/gz_gui_vendor:/opt/ros/jazzy/opt/gz_transport_vendor:/opt/ros/jazzy/opt/gz_rendering_vendor:/opt/ros/jazzy/opt/gz_plugin_vendor:/opt/ros/jazzy/opt/gz_fuel_tools_vendor:/opt/ros/jazzy/opt/gz_msgs_vendor:/opt/ros/jazzy/opt/gz_common_vendor:/opt/ros/jazzy/opt/gz_math_vendor:/opt/ros/jazzy/opt/gz_utils_vendor:/opt/ros/jazzy/opt/gz_tools_vendor:/opt/ros/jazzy/opt/gz_ogre_next_vendor:/opt/ros/jazzy/opt/gz_dartsim_vendor:/opt/ros/jazzy/opt/gz_cmake_vendor:/opt/ros/jazzy DEBUGINFOD_URLS=https://debuginfod.ubuntu.com /usr/bin/cmake --build /home/russell/ROS2_REPAS/build/ur_robot_driver -- -j24 -l24
