[  7%] Built target home
[ 15%] Built target move_ur5e
[ 23%] Built target parlight_grid
[ 30%] Built target waypoint_grid
[ 46%] Built target hydroponic_waypoint_grid_v2
[ 46%] Built target hydroponic_waypoint_grid
[ 53%] Built target russell_script1
[ 61%] Built target parlight_grid_with_parsensor
[ 69%] Built target parlight_grid_with_hydrosystem
[ 76%] Built target parlight_grid_with_cadsensor
[ 84%] [32mBuilding CXX object CMakeFiles/rpm_simple_with_data.dir/src/rpm_simple_with_data.cpp.o[0m
[ 88%] Built target rpm_simple
[ 92%] [32mBuilding CXX object CMakeFiles/rpm_complex.dir/src/rpm_complex.cpp.o[0m
[01m[K/home/russell/ROS2_REPAS/src/ur5e_moveit_demo/src/rpm_complex.cpp:[m[K In function â€˜[01m[Kint[01;32m[K main[m[K(int, char**)[m[Kâ€™:
[01m[K/home/russell/ROS2_REPAS/src/ur5e_moveit_demo/src/rpm_complex.cpp:100:13:[m[K [01;31m[Kerror: [m[Kâ€˜[01m[Kmoveit::planning_scene_monitor[m[Kâ€™ has not been declared
  100 |     moveit::[01;31m[Kplanning_scene_monitor[m[K::PlanningSceneMonitor psm(move_group->getRobotModel());
      |             [01;31m[K^~~~~~~~~~~~~~~~~~~~~~[m[K
[01m[K/home/russell/ROS2_REPAS/src/ur5e_moveit_demo/src/rpm_complex.cpp:101:5:[m[K [01;31m[Kerror: [m[Kâ€˜[01m[Kpsm[m[Kâ€™ was not declared in this scope
  101 |     [01;31m[Kpsm[m[K.startSceneMonitor();
      |     [01;31m[K^~~[m[K
[ 96%] [32m[1mLinking CXX executable rpm_simple_with_data[0m
[ 96%] Built target rpm_simple_with_data
gmake[2]: *** [CMakeFiles/rpm_complex.dir/build.make:76: CMakeFiles/rpm_complex.dir/src/rpm_complex.cpp.o] Error 1
gmake[1]: *** [CMakeFiles/Makefile2:447: CMakeFiles/rpm_complex.dir/all] Error 2
gmake: *** [Makefile:146: all] Error 2
