[0.010s] Invoking command in '/home/russell/ROS2_REPAS/build/ur5e_moveit_demo': CMAKE_PREFIX_PATH=/home/russell/ROS2_REPAS/install/ur_simulation_gz:/home/russell/ROS2_REPAS/install/ur_description:/home/russell/ROS2_REPAS/install/ur5e_moveit_demo:/home/russell/ROS2_REPAS/install/robotiq_2f_gripper_hardware:/home/russell/ROS2_REPAS/install/robotiq_2f_gripper_interfaces:/home/russell/ROS2_REPAS/install/serial:/home/russell/ROS2_REPAS/install/robotiq_2f_gripper_msgs:/home/russell/ROS2_REPAS/install/robotiq_2f_gripper_description:/opt/ros/jazzy/opt/gz_sim_vendor:/opt/ros/jazzy/opt/gz_sensors_vendor:/opt/ros/jazzy/opt/gz_physics_vendor:/opt/ros/jazzy/opt/sdformat_vendor:/opt/ros/jazzy/opt/gz_gui_vendor:/opt/ros/jazzy/opt/gz_transport_vendor:/opt/ros/jazzy/opt/gz_rendering_vendor:/opt/ros/jazzy/opt/gz_plugin_vendor:/opt/ros/jazzy/opt/gz_fuel_tools_vendor:/opt/ros/jazzy/opt/gz_msgs_vendor:/opt/ros/jazzy/opt/gz_common_vendor:/opt/ros/jazzy/opt/gz_math_vendor:/opt/ros/jazzy/opt/gz_utils_vendor:/opt/ros/jazzy/opt/gz_tools_vendor:/opt/ros/jazzy/opt/gz_ogre_next_vendor:/opt/ros/jazzy/opt/gz_dartsim_vendor:/opt/ros/jazzy/opt/gz_cmake_vendor:/opt/ros/jazzy DEBUGINFOD_URLS=https://debuginfod.ubuntu.com /usr/bin/cmake --build /home/russell/ROS2_REPAS/build/ur5e_moveit_demo -- -j24 -l24
[0.091s] [ 28%] Built target home
[0.091s] [ 28%] Built target hydroponic_waypoint_grid
[0.091s] [ 42%] Built target waypoint_grid
[0.091s] [ 71%] Built target move_ur5e
[0.091s] [ 71%] Built target russell_script1
[0.092s] [ 85%] Built target hydroponic_waypoint_grid_v2
[0.101s] [ 92%] [32mBuilding CXX object CMakeFiles/parlight_grid.dir/src/parlight_grid.cpp.o[0m
[4.071s] [01m[K/home/russell/ROS2_REPAS/src/ur5e_moveit_demo/src/parlight_grid.cpp:[m[K In function â€˜[01m[Kint[01;32m[K main[m[K(int, char**)[m[Kâ€™:
[4.071s] [01m[K/home/russell/ROS2_REPAS/src/ur5e_moveit_demo/src/parlight_grid.cpp:59:26:[m[K [01;35m[Kwarning: [m[Kstatement has no effect [[01;35m[K]8;;https://gcc.gnu.org/onlinedocs/gcc/Warning-Options.html#index-Wunused-value-Wunused-value]8;;[m[K]
[4.071s]    59 |   [01;35m[Kstart_pose.orientation.x[m[K;
[4.071s]       |   [01;35m[K~~~~~~~~~~~~~~~~~~~~~~~^[m[K
[4.072s] [01m[K/home/russell/ROS2_REPAS/src/ur5e_moveit_demo/src/parlight_grid.cpp:60:26:[m[K [01;35m[Kwarning: [m[Kstatement has no effect [[01;35m[K]8;;https://gcc.gnu.org/onlinedocs/gcc/Warning-Options.html#index-Wunused-value-Wunused-value]8;;[m[K]
[4.072s]    60 |   [01;35m[Kstart_pose.orientation.y[m[K;
[4.072s]       |   [01;35m[K~~~~~~~~~~~~~~~~~~~~~~~^[m[K
[4.072s] [01m[K/home/russell/ROS2_REPAS/src/ur5e_moveit_demo/src/parlight_grid.cpp:61:26:[m[K [01;35m[Kwarning: [m[Kstatement has no effect [[01;35m[K]8;;https://gcc.gnu.org/onlinedocs/gcc/Warning-Options.html#index-Wunused-value-Wunused-value]8;;[m[K]
[4.072s]    61 |   [01;35m[Kstart_pose.orientation.z[m[K;
[4.072s]       |   [01;35m[K~~~~~~~~~~~~~~~~~~~~~~~^[m[K
[4.072s] [01m[K/home/russell/ROS2_REPAS/src/ur5e_moveit_demo/src/parlight_grid.cpp:62:26:[m[K [01;35m[Kwarning: [m[Kstatement has no effect [[01;35m[K]8;;https://gcc.gnu.org/onlinedocs/gcc/Warning-Options.html#index-Wunused-value-Wunused-value]8;;[m[K]
[4.072s]    62 |   [01;35m[Kstart_pose.orientation.w[m[K;
[4.073s]       |   [01;35m[K~~~~~~~~~~~~~~~~~~~~~~~^[m[K
[4.073s] [01m[K/home/russell/ROS2_REPAS/src/ur5e_moveit_demo/src/parlight_grid.cpp:63:23:[m[K [01;35m[Kwarning: [m[Kstatement has no effect [[01;35m[K]8;;https://gcc.gnu.org/onlinedocs/gcc/Warning-Options.html#index-Wunused-value-Wunused-value]8;;[m[K]
[4.073s]    63 |   [01;35m[Kstart_pose.position.x[m[K;
[4.073s]       |   [01;35m[K~~~~~~~~~~~~~~~~~~~~^[m[K
[4.073s] [01m[K/home/russell/ROS2_REPAS/src/ur5e_moveit_demo/src/parlight_grid.cpp:64:23:[m[K [01;35m[Kwarning: [m[Kstatement has no effect [[01;35m[K]8;;https://gcc.gnu.org/onlinedocs/gcc/Warning-Options.html#index-Wunused-value-Wunused-value]8;;[m[K]
[4.073s]    64 |   [01;35m[Kstart_pose.position.y[m[K;
[4.073s]       |   [01;35m[K~~~~~~~~~~~~~~~~~~~~^[m[K
[4.073s] [01m[K/home/russell/ROS2_REPAS/src/ur5e_moveit_demo/src/parlight_grid.cpp:65:23:[m[K [01;35m[Kwarning: [m[Kstatement has no effect [[01;35m[K]8;;https://gcc.gnu.org/onlinedocs/gcc/Warning-Options.html#index-Wunused-value-Wunused-value]8;;[m[K]
[4.074s]    65 |   [01;35m[Kstart_pose.position.z[m[K;
[4.074s]       |   [01;35m[K~~~~~~~~~~~~~~~~~~~~^[m[K
[4.074s] [01m[K/home/russell/ROS2_REPAS/src/ur5e_moveit_demo/src/parlight_grid.cpp:83:54:[m[K [01;35m[Kwarning: [m[Kâ€˜[01m[Kdouble moveit::planning_interface::MoveGroupInterface::[01;32m[KcomputeCartesianPath[m[K(const std::vector<geometry_msgs::msg::Pose_<std::allocator<void> > >&, double, double, moveit_msgs::msg::RobotTrajectory&, bool, moveit_msgs::msg::MoveItErrorCodes*)[m[Kâ€™ is deprecated: Drop jump_threshold [[01;35m[K]8;;https://gcc.gnu.org/onlinedocs/gcc/Warning-Options.html#index-Wdeprecated-declarations-Wdeprecated-declarations]8;;[m[K]
[4.074s]    83 |     double fraction = [01;35m[Kmove_group.computeCartesianPath([m[K
[4.074s]       |                       [01;35m[K~~~~~~~~~~~~~~~~~~~~~~~~~~~~~~~^[m[K
[4.074s]    84 | [01;35m[K    waypoints_z, eef_step_z, jump_threshold_z, trajectory_approach_z)[m[K;
[4.074s]       |     [01;35m[K~~~~~~~~~~~~~~~~~~~~~~~~~~~~~~~~~~~~~~~~~~~~~~~~~~~~~~~~~~~~~~~~~[m[K
[4.075s] In file included from [01m[K/home/russell/ROS2_REPAS/src/ur5e_moveit_demo/src/parlight_grid.cpp:2[m[K:
[4.075s] [01m[K/opt/ros/jazzy/include/moveit_ros_planning_interface/moveit/move_group_interface/move_group_interface.hpp:765:3:[m[K [01;36m[Knote: [m[Kdeclared here
[4.075s]   765 |   [01;36m[KcomputeCartesianPath[m[K(const std::vector<geometry_msgs::msg::Pose>& waypoints, double eef_step,
[4.075s]       |   [01;36m[K^~~~~~~~~~~~~~~~~~~~[m[K
[4.078s] [01m[K/home/russell/ROS2_REPAS/src/ur5e_moveit_demo/src/parlight_grid.cpp:138:42:[m[K [01;31m[Kerror: [m[Kâ€˜[01m[KN4[m[Kâ€™ was not declared in this scope; did you mean â€˜[01m[KN14[m[Kâ€™?
[4.078s]   138 |   std::vector<Node> nodes = {N1, N2, N3, [01;31m[KN4[m[K, N5, N6, N7, N8, N9, N10, N11, N12, N13, N14};
[4.078s]       |                                          [01;31m[K^~[m[K
[4.078s]       |                                          [32m[KN14[m[K
[4.081s] [01m[K/home/russell/ROS2_REPAS/src/ur5e_moveit_demo/src/parlight_grid.cpp:138:58:[m[K [01;31m[Kerror: [m[Kâ€˜[01m[KN8[m[Kâ€™ was not declared in this scope; did you mean â€˜[01m[KN9[m[Kâ€™?
[4.081s]   138 |   std::vector<Node> nodes = {N1, N2, N3, N4, N5, N6, N7, [01;31m[KN8[m[K, N9, N10, N11, N12, N13, N14};
[4.081s]       |                                                          [01;31m[K^~[m[K
[4.081s]       |                                                          [32m[KN9[m[K
[4.081s] [01m[K/home/russell/ROS2_REPAS/src/ur5e_moveit_demo/src/parlight_grid.cpp:138:89:[m[K [01;31m[Kerror: [m[Kcould not convert â€˜[01m[K{N1, N2, N3, <expression error>, N5, N6, N7, <expression error>, N9, N10, N11, N12, N13, N14}[m[Kâ€™ from â€˜[01m[K<brace-enclosed initializer list>[m[Kâ€™ to â€˜[01m[Kstd::vector<main(int, char**)::Node>[m[Kâ€™
[4.081s]   138 |   std::vector<Node> nodes = {N1, N2, N3, N4, N5, N6, N7, N8, N9, N10, N11, N12, N13, N14[01;31m[K}[m[K;
[4.081s]       |                                                                                         [01;31m[K^[m[K
[4.082s]       |                                                                                         [01;31m[K|[m[K
[4.082s]       |                                                                                         [01;31m[K<brace-enclosed initializer list>[m[K
[4.082s] [01m[K/home/russell/ROS2_REPAS/src/ur5e_moveit_demo/src/parlight_grid.cpp:161:54:[m[K [01;35m[Kwarning: [m[Kâ€˜[01m[Kdouble moveit::planning_interface::MoveGroupInterface::[01;32m[KcomputeCartesianPath[m[K(const std::vector<geometry_msgs::msg::Pose_<std::allocator<void> > >&, double, double, moveit_msgs::msg::RobotTrajectory&, bool, moveit_msgs::msg::MoveItErrorCodes*)[m[Kâ€™ is deprecated: Drop jump_threshold [[01;35m[K]8;;https://gcc.gnu.org/onlinedocs/gcc/Warning-Options.html#index-Wdeprecated-declarations-Wdeprecated-declarations]8;;[m[K]
[4.082s]   161 |     double fraction = [01;35m[Kmove_group.computeCartesianPath([m[K
[4.082s]       |                       [01;35m[K~~~~~~~~~~~~~~~~~~~~~~~~~~~~~~~^[m[K
[4.082s]   162 | [01;35m[K    waypoints, eef_step, jump_threshold, trajectory_approach)[m[K;
[4.083s]       |     [01;35m[K~~~~~~~~~~~~~~~~~~~~~~~~~~~~~~~~~~~~~~~~~~~~~~~~~~~~~~~~~[m[K
[4.083s] [01m[K/opt/ros/jazzy/include/moveit_ros_planning_interface/moveit/move_group_interface/move_group_interface.hpp:765:3:[m[K [01;36m[Knote: [m[Kdeclared here
[4.083s]   765 |   [01;36m[KcomputeCartesianPath[m[K(const std::vector<geometry_msgs::msg::Pose>& waypoints, double eef_step,
[4.083s]       |   [01;36m[K^~~~~~~~~~~~~~~~~~~~[m[K
[5.802s] gmake[2]: *** [CMakeFiles/parlight_grid.dir/build.make:76: CMakeFiles/parlight_grid.dir/src/parlight_grid.cpp.o] Error 1
[5.803s] gmake[1]: *** [CMakeFiles/Makefile2:305: CMakeFiles/parlight_grid.dir/all] Error 2
[5.803s] gmake: *** [Makefile:146: all] Error 2
[5.808s] Invoked command in '/home/russell/ROS2_REPAS/build/ur5e_moveit_demo' returned '2': CMAKE_PREFIX_PATH=/home/russell/ROS2_REPAS/install/ur_simulation_gz:/home/russell/ROS2_REPAS/install/ur_description:/home/russell/ROS2_REPAS/install/ur5e_moveit_demo:/home/russell/ROS2_REPAS/install/robotiq_2f_gripper_hardware:/home/russell/ROS2_REPAS/install/robotiq_2f_gripper_interfaces:/home/russell/ROS2_REPAS/install/serial:/home/russell/ROS2_REPAS/install/robotiq_2f_gripper_msgs:/home/russell/ROS2_REPAS/install/robotiq_2f_gripper_description:/opt/ros/jazzy/opt/gz_sim_vendor:/opt/ros/jazzy/opt/gz_sensors_vendor:/opt/ros/jazzy/opt/gz_physics_vendor:/opt/ros/jazzy/opt/sdformat_vendor:/opt/ros/jazzy/opt/gz_gui_vendor:/opt/ros/jazzy/opt/gz_transport_vendor:/opt/ros/jazzy/opt/gz_rendering_vendor:/opt/ros/jazzy/opt/gz_plugin_vendor:/opt/ros/jazzy/opt/gz_fuel_tools_vendor:/opt/ros/jazzy/opt/gz_msgs_vendor:/opt/ros/jazzy/opt/gz_common_vendor:/opt/ros/jazzy/opt/gz_math_vendor:/opt/ros/jazzy/opt/gz_utils_vendor:/opt/ros/jazzy/opt/gz_tools_vendor:/opt/ros/jazzy/opt/gz_ogre_next_vendor:/opt/ros/jazzy/opt/gz_dartsim_vendor:/opt/ros/jazzy/opt/gz_cmake_vendor:/opt/ros/jazzy DEBUGINFOD_URLS=https://debuginfod.ubuntu.com /usr/bin/cmake --build /home/russell/ROS2_REPAS/build/ur5e_moveit_demo -- -j24 -l24
