[ 38%] Built target parlight_grid
[ 38%] Built target russell_script1
[ 38%] Built target hydroponic_waypoint_grid_v2
[ 38%] Built target move_ur5e
[ 38%] Built target home
[ 53%] Built target waypoint_grid
[ 53%] Built target hydroponic_waypoint_grid
[ 69%] Built target rpm_simple_with_data
[ 69%] Built target rpm_simple
[ 76%] Built target parlight_grid_with_parsensor
[ 84%] Built target parlight_grid_with_cadsensor
[ 92%] Built target parlight_grid_with_hydrosystem
[ 96%] [32mBuilding CXX object CMakeFiles/rpm_continuous.dir/src/rpm_continuous.cpp.o[0m
[01m[K/home/russell/ROS2_REPAS/src/ur5e_moveit_demo/src/rpm_continuous.cpp:[m[K In function â€˜[01m[Kint[01;32m[K main[m[K(int, char**)[m[Kâ€™:
[01m[K/home/russell/ROS2_REPAS/src/ur5e_moveit_demo/src/rpm_continuous.cpp:56:19:[m[K [01;31m[Kerror: [m[Kâ€˜[01m[Kstruct moveit::planning_interface::MoveGroupInterface::Plan[m[Kâ€™ has no member named â€˜[01m[Ktrajectory_[m[Kâ€™; did you mean â€˜[01m[Ktrajectory[m[Kâ€™?
   56 |         if (!plan.[01;31m[Ktrajectory_[m[K.joint_trajectory.points.empty())
      |                   [01;31m[K^~~~~~~~~~~[m[K
      |                   [32m[Ktrajectory[m[K
gmake[2]: *** [CMakeFiles/rpm_continuous.dir/build.make:76: CMakeFiles/rpm_continuous.dir/src/rpm_continuous.cpp.o] Error 1
gmake[1]: *** [CMakeFiles/Makefile2:473: CMakeFiles/rpm_continuous.dir/all] Error 2
gmake: *** [Makefile:146: all] Error 2
