[01m[K/home/russell/ROS2_REPAS/src/ur5e_moveit_demo/src/russell_script1.cpp:[m[K In function â€˜[01m[Kint[01;32m[K main[m[K(int, char**)[m[Kâ€™:
[01m[K/home/russell/ROS2_REPAS/src/ur5e_moveit_demo/src/russell_script1.cpp:43:21:[m[K [01;31m[Kerror: [m[Kâ€˜[01m[Kmove_group_arm[m[Kâ€™ was not declared in this scope; did you mean â€˜[01m[Kmove_group[m[Kâ€™?
   43 |   double fraction = [01;31m[Kmove_group_arm[m[K.computeCartesianPath(
      |                     [01;31m[K^~~~~~~~~~~~~~[m[K
      |                     [32m[Kmove_group[m[K
[01m[K/home/russell/ROS2_REPAS/src/ur5e_moveit_demo/src/russell_script1.cpp:30:8:[m[K [01;35m[Kwarning: [m[Kunused variable â€˜[01m[Ksuccess[m[Kâ€™ [[01;35m[K]8;;https://gcc.gnu.org/onlinedocs/gcc/Warning-Options.html#index-Wunused-variable-Wunused-variable]8;;[m[K]
   30 |   bool [01;35m[Ksuccess[m[K = static_cast<bool>(move_group.plan(my_plan));
      |        [01;35m[K^~~~~~~[m[K
gmake[2]: *** [CMakeFiles/russell_script1.dir/build.make:76: CMakeFiles/russell_script1.dir/src/russell_script1.cpp.o] Error 1
gmake[1]: *** [CMakeFiles/Makefile2:193: CMakeFiles/russell_script1.dir/all] Error 2
gmake: *** [Makefile:146: all] Error 2
