[0.010s] Invoking command in '/home/russell/ROS2_REPAS/build/ur5e_moveit_demo': CMAKE_PREFIX_PATH=/home/russell/ROS2_REPAS/install/ur_simulation_gz:/home/russell/ROS2_REPAS/install/ur_description:/home/russell/ROS2_REPAS/install/ur5e_moveit_demo:/home/russell/ROS2_REPAS/install/robotiq_2f_gripper_hardware:/home/russell/ROS2_REPAS/install/robotiq_2f_gripper_interfaces:/home/russell/ROS2_REPAS/install/serial:/home/russell/ROS2_REPAS/install/robotiq_2f_gripper_msgs:/home/russell/ROS2_REPAS/install/robotiq_2f_gripper_description:/opt/ros/jazzy/opt/gz_sim_vendor:/opt/ros/jazzy/opt/gz_sensors_vendor:/opt/ros/jazzy/opt/gz_physics_vendor:/opt/ros/jazzy/opt/sdformat_vendor:/opt/ros/jazzy/opt/gz_gui_vendor:/opt/ros/jazzy/opt/gz_transport_vendor:/opt/ros/jazzy/opt/gz_rendering_vendor:/opt/ros/jazzy/opt/gz_plugin_vendor:/opt/ros/jazzy/opt/gz_fuel_tools_vendor:/opt/ros/jazzy/opt/gz_msgs_vendor:/opt/ros/jazzy/opt/gz_common_vendor:/opt/ros/jazzy/opt/gz_math_vendor:/opt/ros/jazzy/opt/gz_utils_vendor:/opt/ros/jazzy/opt/gz_tools_vendor:/opt/ros/jazzy/opt/gz_ogre_next_vendor:/opt/ros/jazzy/opt/gz_dartsim_vendor:/opt/ros/jazzy/opt/gz_cmake_vendor:/home/russell/ROS2_REPAS/install/camera_sensor:/opt/ros/jazzy DEBUGINFOD_URLS=https://debuginfod.ubuntu.com /usr/bin/cmake --build /home/russell/ROS2_REPAS/build/ur5e_moveit_demo -- -j24 -l24
[0.110s] [  9%] Built target move_ur5e
[0.111s] [ 18%] Built target hydroponic_waypoint_grid_v2
[0.111s] [ 27%] Built target home
[0.111s] [ 36%] Built target russell_script1
[0.111s] [ 45%] Built target waypoint_grid
[0.111s] [ 54%] Built target parlight_grid
[0.111s] [ 72%] Built target parlight_grid_with_cadsensor
[0.111s] [ 72%] Built target hydroponic_waypoint_grid
[0.112s] [ 81%] Built target parlight_grid_with_parsensor
[0.113s] [ 90%] Built target parlight_grid_with_hydrosystem
[0.121s] [ 95%] [32mBuilding CXX object CMakeFiles/rpm_simple.dir/src/rpm_simple.cpp.o[0m
[5.149s] [01m[K/home/russell/ROS2_REPAS/src/ur5e_moveit_demo/src/rpm_simple.cpp:[m[K In function â€˜[01m[Kint[01;32m[K main[m[K(int, char**)[m[Kâ€™:
[5.149s] [01m[K/home/russell/ROS2_REPAS/src/ur5e_moveit_demo/src/rpm_simple.cpp:68:58:[m[K [01;31m[Kerror: [m[Kno matching function for call to â€˜[01m[Kmoveit::planning_interface::MoveGroupInterface::computeCartesianPath(std::vector<geometry_msgs::msg::Pose_<std::allocator<void> > >&, const double&, moveit_msgs::msg::RobotTrajectory&, double, bool)[m[Kâ€™
[5.150s]    68 |         double fraction = [01;31m[Kmove_group.computeCartesianPath([m[K
[5.150s]       |                           [01;31m[K~~~~~~~~~~~~~~~~~~~~~~~~~~~~~~~^[m[K
[5.150s]    69 | [01;31m[K            waypoints,[m[K
[5.150s]       |             [01;31m[K~~~~~~~~~~[m[K                                    
[5.150s]    70 | [01;31m[K            eef_step,[m[K
[5.150s]       |             [01;31m[K~~~~~~~~~[m[K                                     
[5.150s]    71 | [01;31m[K            trajectory,[m[K
[5.151s]       |             [01;31m[K~~~~~~~~~~~[m[K                                   
[5.151s]    72 | [01;31m[K            0.0,      // jump_threshold (deprecated, ignored)[m[K
[5.151s]       |             [01;31m[K~~~~~~~~~~~~~~~~~~~~~~~~~~~~~~~~~~~~~~~~~~~~~~~~~[m[K
[5.151s]    73 | [01;31m[K            true      // avoid collisions[m[K
[5.151s]       |             [01;31m[K~~~~~~~~~~~~~~~~~~~~~~~~~~~~~[m[K                 
[5.151s]    74 | [01;31m[K        )[m[K;
[5.151s]       |         [01;31m[K~[m[K                                                 
[5.151s] In file included from [01m[K/home/russell/ROS2_REPAS/src/ur5e_moveit_demo/src/rpm_simple.cpp:2[m[K:
[5.151s] [01m[K/opt/ros/jazzy/include/moveit_ros_planning_interface/moveit/move_group_interface/move_group_interface.hpp:765:3:[m[K [01;36m[Knote: [m[Kcandidate: â€˜[01m[Kdouble moveit::planning_interface::MoveGroupInterface::[01;32m[KcomputeCartesianPath[m[K(const std::vector<geometry_msgs::msg::Pose_<std::allocator<void> > >&, double, double, moveit_msgs::msg::RobotTrajectory&, bool, moveit_msgs::msg::MoveItErrorCodes*)[m[Kâ€™
[5.151s]   765 |   [01;36m[KcomputeCartesianPath[m[K(const std::vector<geometry_msgs::msg::Pose>& waypoints, double eef_step,
[5.151s]       |   [01;36m[K^~~~~~~~~~~~~~~~~~~~[m[K
[5.151s] [01m[K/opt/ros/jazzy/include/moveit_ros_planning_interface/moveit/move_group_interface/move_group_interface.hpp:766:24:[m[K [01;36m[Knote: [m[K  no known conversion for argument 3 from â€˜[01m[Kmoveit_msgs::msg::RobotTrajectory[m[Kâ€™ {aka â€˜[01m[Kmoveit_msgs::msg::RobotTrajectory_<std::allocator<void> >[m[Kâ€™} to â€˜[01m[Kdouble[m[Kâ€™
[5.151s]   766 |                        [01;36m[Kdouble[m[K /*jump_threshold*/, moveit_msgs::msg::RobotTrajectory& trajectory,
[5.151s]       |                        [01;36m[K^~~~~~[m[K
[5.151s] [01m[K/opt/ros/jazzy/include/moveit_ros_planning_interface/moveit/move_group_interface/move_group_interface.hpp:771:10:[m[K [01;36m[Knote: [m[Kcandidate: â€˜[01m[Kdouble moveit::planning_interface::MoveGroupInterface::[01;32m[KcomputeCartesianPath[m[K(const std::vector<geometry_msgs::msg::Pose_<std::allocator<void> > >&, double, moveit_msgs::msg::RobotTrajectory&, bool, moveit_msgs::msg::MoveItErrorCodes*)[m[Kâ€™
[5.151s]   771 |   double [01;36m[KcomputeCartesianPath[m[K(const std::vector<geometry_msgs::msg::Pose>& waypoints, double eef_step,
[5.151s]       |          [01;36m[K^~~~~~~~~~~~~~~~~~~~[m[K
[5.152s] [01m[K/opt/ros/jazzy/include/moveit_ros_planning_interface/moveit/move_group_interface/move_group_interface.hpp:773:67:[m[K [01;36m[Knote: [m[K  no known conversion for argument 5 from â€˜[01m[Kbool[m[Kâ€™ to â€˜[01m[Kmoveit_msgs::msg::MoveItErrorCodes*[m[Kâ€™ {aka â€˜[01m[Kmoveit_msgs::msg::MoveItErrorCodes_<std::allocator<void> >*[m[Kâ€™}
[5.152s]   773 |                               [01;36m[Kmoveit_msgs::msg::MoveItErrorCodes* error_code = nullptr[m[K);
[5.152s]       |                               [01;36m[K~~~~~~~~~~~~~~~~~~~~~~~~~~~~~~~~~~~~^~~~~~~~~~~~~~~~~~~~[m[K
[5.152s] [01m[K/opt/ros/jazzy/include/moveit_ros_planning_interface/moveit/move_group_interface/move_group_interface.hpp:788:3:[m[K [01;36m[Knote: [m[Kcandidate: â€˜[01m[Kdouble moveit::planning_interface::MoveGroupInterface::[01;32m[KcomputeCartesianPath[m[K(const std::vector<geometry_msgs::msg::Pose_<std::allocator<void> > >&, double, double, moveit_msgs::msg::RobotTrajectory&, const moveit_msgs::msg::Constraints&, bool, moveit_msgs::msg::MoveItErrorCodes*)[m[Kâ€™
[5.152s]   788 |   [01;36m[KcomputeCartesianPath[m[K(const std::vector<geometry_msgs::msg::Pose>& waypoints, double eef_step,
[5.152s]       |   [01;36m[K^~~~~~~~~~~~~~~~~~~~[m[K
[5.152s] [01m[K/opt/ros/jazzy/include/moveit_ros_planning_interface/moveit/move_group_interface/move_group_interface.hpp:789:24:[m[K [01;36m[Knote: [m[K  no known conversion for argument 3 from â€˜[01m[Kmoveit_msgs::msg::RobotTrajectory[m[Kâ€™ {aka â€˜[01m[Kmoveit_msgs::msg::RobotTrajectory_<std::allocator<void> >[m[Kâ€™} to â€˜[01m[Kdouble[m[Kâ€™
[5.152s]   789 |                        [01;36m[Kdouble[m[K /*jump_threshold*/, moveit_msgs::msg::RobotTrajectory& trajectory,
[5.152s]       |                        [01;36m[K^~~~~~[m[K
[5.152s] [01m[K/opt/ros/jazzy/include/moveit_ros_planning_interface/moveit/move_group_interface/move_group_interface.hpp:795:10:[m[K [01;36m[Knote: [m[Kcandidate: â€˜[01m[Kdouble moveit::planning_interface::MoveGroupInterface::[01;32m[KcomputeCartesianPath[m[K(const std::vector<geometry_msgs::msg::Pose_<std::allocator<void> > >&, double, moveit_msgs::msg::RobotTrajectory&, const moveit_msgs::msg::Constraints&, bool, moveit_msgs::msg::MoveItErrorCodes*)[m[Kâ€™
[5.152s]   795 |   double [01;36m[KcomputeCartesianPath[m[K(const std::vector<geometry_msgs::msg::Pose>& waypoints, double eef_step,
[5.152s]       |          [01;36m[K^~~~~~~~~~~~~~~~~~~~[m[K
[5.152s] [01m[K/opt/ros/jazzy/include/moveit_ros_planning_interface/moveit/move_group_interface/move_group_interface.hpp:797:68:[m[K [01;36m[Knote: [m[K  no known conversion for argument 4 from â€˜[01m[Kdouble[m[Kâ€™ to â€˜[01m[Kconst moveit_msgs::msg::Constraints&[m[Kâ€™ {aka â€˜[01m[Kconst moveit_msgs::msg::Constraints_<std::allocator<void> >&[m[Kâ€™}
[5.152s]   797 |                               [01;36m[Kconst moveit_msgs::msg::Constraints& path_constraints[m[K, bool avoid_collisions = true,
[5.152s]       |                               [01;36m[K~~~~~~~~~~~~~~~~~~~~~~~~~~~~~~~~~~~~~^~~~~~~~~~~~~~~~[m[K
[7.275s] gmake[2]: *** [CMakeFiles/rpm_simple.dir/build.make:76: CMakeFiles/rpm_simple.dir/src/rpm_simple.cpp.o] Error 1
[7.276s] gmake[1]: *** [CMakeFiles/Makefile2:417: CMakeFiles/rpm_simple.dir/all] Error 2
[7.276s] gmake: *** [Makefile:146: all] Error 2
[7.281s] Invoked command in '/home/russell/ROS2_REPAS/build/ur5e_moveit_demo' returned '2': CMAKE_PREFIX_PATH=/home/russell/ROS2_REPAS/install/ur_simulation_gz:/home/russell/ROS2_REPAS/install/ur_description:/home/russell/ROS2_REPAS/install/ur5e_moveit_demo:/home/russell/ROS2_REPAS/install/robotiq_2f_gripper_hardware:/home/russell/ROS2_REPAS/install/robotiq_2f_gripper_interfaces:/home/russell/ROS2_REPAS/install/serial:/home/russell/ROS2_REPAS/install/robotiq_2f_gripper_msgs:/home/russell/ROS2_REPAS/install/robotiq_2f_gripper_description:/opt/ros/jazzy/opt/gz_sim_vendor:/opt/ros/jazzy/opt/gz_sensors_vendor:/opt/ros/jazzy/opt/gz_physics_vendor:/opt/ros/jazzy/opt/sdformat_vendor:/opt/ros/jazzy/opt/gz_gui_vendor:/opt/ros/jazzy/opt/gz_transport_vendor:/opt/ros/jazzy/opt/gz_rendering_vendor:/opt/ros/jazzy/opt/gz_plugin_vendor:/opt/ros/jazzy/opt/gz_fuel_tools_vendor:/opt/ros/jazzy/opt/gz_msgs_vendor:/opt/ros/jazzy/opt/gz_common_vendor:/opt/ros/jazzy/opt/gz_math_vendor:/opt/ros/jazzy/opt/gz_utils_vendor:/opt/ros/jazzy/opt/gz_tools_vendor:/opt/ros/jazzy/opt/gz_ogre_next_vendor:/opt/ros/jazzy/opt/gz_dartsim_vendor:/opt/ros/jazzy/opt/gz_cmake_vendor:/home/russell/ROS2_REPAS/install/camera_sensor:/opt/ros/jazzy DEBUGINFOD_URLS=https://debuginfod.ubuntu.com /usr/bin/cmake --build /home/russell/ROS2_REPAS/build/ur5e_moveit_demo -- -j24 -l24
