[ 23%] Built target hydroponic_waypoint_grid
[ 23%] Built target hydroponic_waypoint_grid_v2
[ 23%] Built target move_ur5e
[ 38%] Built target waypoint_grid
[ 38%] Built target home
[ 53%] Built target rpm_simple_with_data
[ 53%] Built target russell_script1
[ 69%] Built target parlight_grid
[ 69%] Built target rpm_simple
[ 76%] Built target parlight_grid_with_parsensor
[ 84%] Built target parlight_grid_with_hydrosystem
[ 92%] Built target parlight_grid_with_cadsensor
[ 96%] [32mBuilding CXX object CMakeFiles/rpm_continuous.dir/src/rpm_continuous.cpp.o[0m
[01m[K/home/russell/ROS2_REPAS/src/ur5e_moveit_demo/src/rpm_continuous.cpp:[m[K In function â€˜[01m[Kint[01;32m[K main[m[K(int, char**)[m[Kâ€™:
[01m[K/home/russell/ROS2_REPAS/src/ur5e_moveit_demo/src/rpm_continuous.cpp:64:79:[m[K [01;31m[Kerror: [m[Kâ€˜[01m[Kmoveit::planning_interface::MoveItErrorCode[m[Kâ€™ has not been declared
   64 |         bool success = (move_group->plan(plan) == moveit::planning_interface::[01;31m[KMoveItErrorCode[m[K::SUCCESS);
      |                                                                               [01;31m[K^~~~~~~~~~~~~~~[m[K
gmake[2]: *** [CMakeFiles/rpm_continuous.dir/build.make:76: CMakeFiles/rpm_continuous.dir/src/rpm_continuous.cpp.o] Error 1
gmake[1]: *** [CMakeFiles/Makefile2:473: CMakeFiles/rpm_continuous.dir/all] Error 2
gmake: *** [Makefile:146: all] Error 2
