[ 30%] Built target waypoint_grid
[ 30%] Built target move_ur5e
[ 30%] Built target russell_script1
[ 30%] Built target hydroponic_waypoint_grid
[ 46%] Built target home
[ 46%] Built target rpm_simple_with_data
[ 53%] Built target rpm_simple
[ 61%] Built target hydroponic_waypoint_grid_v2
[ 69%] Built target parlight_grid
[ 73%] [32mBuilding CXX object CMakeFiles/rpm_continuous.dir/src/rpm_continuous.cpp.o[0m
[ 80%] Built target parlight_grid_with_hydrosystem
[ 88%] Built target parlight_grid_with_cadsensor
[ 96%] Built target parlight_grid_with_parsensor
[01m[K/home/russell/ROS2_REPAS/src/ur5e_moveit_demo/src/rpm_continuous.cpp:6:10:[m[K [01;31m[Kfatal error: [m[Kmoveit/trajectory_processing/iterative_parabolic_time_parameterization.h: No such file or directory
    6 | #include [01;31m[K<moveit/trajectory_processing/iterative_parabolic_time_parameterization.h>[m[K
      |          [01;31m[K^~~~~~~~~~~~~~~~~~~~~~~~~~~~~~~~~~~~~~~~~~~~~~~~~~~~~~~~~~~~~~~~~~~~~~~~~~[m[K
compilation terminated.
gmake[2]: *** [CMakeFiles/rpm_continuous.dir/build.make:76: CMakeFiles/rpm_continuous.dir/src/rpm_continuous.cpp.o] Error 1
gmake[1]: *** [CMakeFiles/Makefile2:473: CMakeFiles/rpm_continuous.dir/all] Error 2
gmake: *** [Makefile:146: all] Error 2
